This is XeTeX, Version 3.141592653-2.6-0.999997 (TeX Live 2025) (preloaded format=xelatex 2025.5.22)  26 MAY 2025 08:49
entering extended mode
 restricted \write18 enabled.
 %&-line parsing enabled.
**_main.tex
(./_main.tex
LaTeX2e <2024-11-01> patch level 2
L3 programming layer <2025-04-29>
(/Users/robynwright/Library/TinyTeX/texmf-dist/tex/latex/base/book.cls
Document Class: book 2024/06/29 v1.4n Standard LaTeX document class
(/Users/robynwright/Library/TinyTeX/texmf-dist/tex/latex/base/bk10.clo
File: bk10.clo 2024/06/29 v1.4n Standard LaTeX file (size option)
)
\c@part=\count268
\c@chapter=\count269
\c@section=\count270
\c@subsection=\count271
\c@subsubsection=\count272
\c@paragraph=\count273
\c@subparagraph=\count274
\c@figure=\count275
\c@table=\count276
\abovecaptionskip=\skip49
\belowcaptionskip=\skip50
\bibindent=\dimen146
) (/Users/robynwright/Library/TinyTeX/texmf-dist/tex/latex/amsmath/amsmath.sty
Package: amsmath 2024/11/05 v2.17t AMS math features
\@mathmargin=\skip51
For additional information on amsmath, use the `?' option.
(/Users/robynwright/Library/TinyTeX/texmf-dist/tex/latex/amsmath/amstext.sty
Package: amstext 2021/08/26 v2.01 AMS text
(/Users/robynwright/Library/TinyTeX/texmf-dist/tex/latex/amsmath/amsgen.sty
File: amsgen.sty 1999/11/30 v2.0 generic functions
\@emptytoks=\toks17
\ex@=\dimen147
)) (/Users/robynwright/Library/TinyTeX/texmf-dist/tex/latex/amsmath/amsbsy.sty
Package: amsbsy 1999/11/29 v1.2d Bold Symbols
\pmbraise@=\dimen148
) (/Users/robynwright/Library/TinyTeX/texmf-dist/tex/latex/amsmath/amsopn.sty
Package: amsopn 2022/04/08 v2.04 operator names
)
\inf@bad=\count277
LaTeX Info: Redefining \frac on input line 233.
\uproot@=\count278
\leftroot@=\count279
LaTeX Info: Redefining \overline on input line 398.
LaTeX Info: Redefining \colon on input line 409.
\classnum@=\count280
\DOTSCASE@=\count281
LaTeX Info: Redefining \ldots on input line 495.
LaTeX Info: Redefining \dots on input line 498.
LaTeX Info: Redefining \cdots on input line 619.
\Mathstrutbox@=\box53
\strutbox@=\box54
LaTeX Info: Redefining \big on input line 721.
LaTeX Info: Redefining \Big on input line 722.
LaTeX Info: Redefining \bigg on input line 723.
LaTeX Info: Redefining \Bigg on input line 724.
\big@size=\dimen149
LaTeX Font Info:    Redeclaring font encoding OML on input line 742.
LaTeX Font Info:    Redeclaring font encoding OMS on input line 743.
\macc@depth=\count282
LaTeX Info: Redefining \bmod on input line 904.
LaTeX Info: Redefining \pmod on input line 909.
LaTeX Info: Redefining \smash on input line 939.
LaTeX Info: Redefining \relbar on input line 969.
LaTeX Info: Redefining \Relbar on input line 970.
\c@MaxMatrixCols=\count283
\dotsspace@=\muskip17
\c@parentequation=\count284
\dspbrk@lvl=\count285
\tag@help=\toks18
\row@=\count286
\column@=\count287
\maxfields@=\count288
\andhelp@=\toks19
\eqnshift@=\dimen150
\alignsep@=\dimen151
\tagshift@=\dimen152
\tagwidth@=\dimen153
\totwidth@=\dimen154
\lineht@=\dimen155
\@envbody=\toks20
\multlinegap=\skip52
\multlinetaggap=\skip53
\mathdisplay@stack=\toks21
LaTeX Info: Redefining \[ on input line 2953.
LaTeX Info: Redefining \] on input line 2954.
) (/Users/robynwright/Library/TinyTeX/texmf-dist/tex/latex/amsfonts/amssymb.sty
Package: amssymb 2013/01/14 v3.01 AMS font symbols
(/Users/robynwright/Library/TinyTeX/texmf-dist/tex/latex/amsfonts/amsfonts.sty
Package: amsfonts 2013/01/14 v3.01 Basic AMSFonts support
\symAMSa=\mathgroup4
\symAMSb=\mathgroup5
LaTeX Font Info:    Redeclaring math symbol \hbar on input line 98.
LaTeX Font Info:    Overwriting math alphabet `\mathfrak' in version `bold'
(Font)                  U/euf/m/n --> U/euf/b/n on input line 106.
)) (/Users/robynwright/Library/TinyTeX/texmf-dist/tex/generic/iftex/iftex.sty
Package: iftex 2024/12/12 v1.0g TeX engine tests
) (/Users/robynwright/Library/TinyTeX/texmf-dist/tex/latex/unicode-math/unicode-math.sty (/Users/robynwright/Library/TinyTeX/texmf-dist/tex/latex/l3kernel/expl3.sty
Package: expl3 2025-04-29 L3 programming layer (loader) 
(/Users/robynwright/Library/TinyTeX/texmf-dist/tex/latex/l3backend/l3backend-xetex.def
File: l3backend-xetex.def 2025-04-14 L3 backend support: XeTeX
\g__graphics_track_int=\count289
\g__pdfannot_backend_int=\count290
\g__pdfannot_backend_link_int=\count291
))
Package: unicode-math 2023/08/13 v0.8r Unicode maths in XeLaTeX and LuaLaTeX
(/Users/robynwright/Library/TinyTeX/texmf-dist/tex/latex/unicode-math/unicode-math-xetex.sty
Package: unicode-math-xetex 2023/08/13 v0.8r Unicode maths in XeLaTeX and LuaLaTeX
(/Users/robynwright/Library/TinyTeX/texmf-dist/tex/latex/l3packages/xparse/xparse.sty
Package: xparse 2024-08-16 L3 Experimental document command parser
) (/Users/robynwright/Library/TinyTeX/texmf-dist/tex/latex/l3packages/l3keys2e/l3keys2e.sty
Package: l3keys2e 2024-08-16 LaTeX2e option processing using LaTeX3 keys
) (/Users/robynwright/Library/TinyTeX/texmf-dist/tex/latex/fontspec/fontspec.sty
Package: fontspec 2024/05/11 v2.9e Font selection for XeLaTeX and LuaLaTeX
(/Users/robynwright/Library/TinyTeX/texmf-dist/tex/latex/fontspec/fontspec-xetex.sty
Package: fontspec-xetex 2024/05/11 v2.9e Font selection for XeLaTeX and LuaLaTeX
\l__fontspec_script_int=\count292
\l__fontspec_language_int=\count293
\l__fontspec_strnum_int=\count294
\l__fontspec_tmp_int=\count295
\l__fontspec_tmpa_int=\count296
\l__fontspec_tmpb_int=\count297
\l__fontspec_tmpc_int=\count298
\l__fontspec_em_int=\count299
\l__fontspec_emdef_int=\count300
\l__fontspec_strong_int=\count301
\l__fontspec_strongdef_int=\count302
\l__fontspec_tmpa_dim=\dimen156
\l__fontspec_tmpb_dim=\dimen157
\l__fontspec_tmpc_dim=\dimen158
(/Users/robynwright/Library/TinyTeX/texmf-dist/tex/latex/base/fontenc.sty
Package: fontenc 2021/04/29 v2.0v Standard LaTeX package
) (/Users/robynwright/Library/TinyTeX/texmf-dist/tex/latex/fontspec/fontspec.cfg))) (/Users/robynwright/Library/TinyTeX/texmf-dist/tex/latex/base/fix-cm.sty
Package: fix-cm 2020/11/24 v1.1t fixes to LaTeX
(/Users/robynwright/Library/TinyTeX/texmf-dist/tex/latex/base/ts1enc.def
File: ts1enc.def 2001/06/05 v3.0e (jk/car/fm) Standard LaTeX file
LaTeX Font Info:    Redeclaring font encoding TS1 on input line 47.
))
\g__um_fam_int=\count303
\g__um_fonts_used_int=\count304
\l__um_primecount_int=\count305
\g__um_primekern_muskip=\muskip18
(/Users/robynwright/Library/TinyTeX/texmf-dist/tex/latex/unicode-math/unicode-math-table.tex))) (/Users/robynwright/Library/TinyTeX/texmf-dist/tex/latex/lm/lmodern.sty
Package: lmodern 2015/05/01 v1.6.1 Latin Modern Fonts
LaTeX Font Info:    Overwriting symbol font `operators' in version `normal'
(Font)                  OT1/cmr/m/n --> OT1/lmr/m/n on input line 22.
LaTeX Font Info:    Overwriting symbol font `letters' in version `normal'
(Font)                  OML/cmm/m/it --> OML/lmm/m/it on input line 23.
LaTeX Font Info:    Overwriting symbol font `symbols' in version `normal'
(Font)                  OMS/cmsy/m/n --> OMS/lmsy/m/n on input line 24.
LaTeX Font Info:    Overwriting symbol font `largesymbols' in version `normal'
(Font)                  OMX/cmex/m/n --> OMX/lmex/m/n on input line 25.
LaTeX Font Info:    Overwriting symbol font `operators' in version `bold'
(Font)                  OT1/cmr/bx/n --> OT1/lmr/bx/n on input line 26.
LaTeX Font Info:    Overwriting symbol font `letters' in version `bold'
(Font)                  OML/cmm/b/it --> OML/lmm/b/it on input line 27.
LaTeX Font Info:    Overwriting symbol font `symbols' in version `bold'
(Font)                  OMS/cmsy/b/n --> OMS/lmsy/b/n on input line 28.
LaTeX Font Info:    Overwriting symbol font `largesymbols' in version `bold'
(Font)                  OMX/cmex/m/n --> OMX/lmex/m/n on input line 29.
LaTeX Font Info:    Overwriting math alphabet `\mathbf' in version `normal'
(Font)                  OT1/cmr/bx/n --> OT1/lmr/bx/n on input line 31.
LaTeX Font Info:    Overwriting math alphabet `\mathsf' in version `normal'
(Font)                  OT1/cmss/m/n --> OT1/lmss/m/n on input line 32.
LaTeX Font Info:    Overwriting math alphabet `\mathit' in version `normal'
(Font)                  OT1/cmr/m/it --> OT1/lmr/m/it on input line 33.
LaTeX Font Info:    Overwriting math alphabet `\mathtt' in version `normal'
(Font)                  OT1/cmtt/m/n --> OT1/lmtt/m/n on input line 34.
LaTeX Font Info:    Overwriting math alphabet `\mathbf' in version `bold'
(Font)                  OT1/cmr/bx/n --> OT1/lmr/bx/n on input line 35.
LaTeX Font Info:    Overwriting math alphabet `\mathsf' in version `bold'
(Font)                  OT1/cmss/bx/n --> OT1/lmss/bx/n on input line 36.
LaTeX Font Info:    Overwriting math alphabet `\mathit' in version `bold'
(Font)                  OT1/cmr/bx/it --> OT1/lmr/bx/it on input line 37.
LaTeX Font Info:    Overwriting math alphabet `\mathtt' in version `bold'
(Font)                  OT1/cmtt/m/n --> OT1/lmtt/m/n on input line 38.
) (/Users/robynwright/Library/TinyTeX/texmf-dist/tex/latex/xcolor/xcolor.sty
Package: xcolor 2024/09/29 v3.02 LaTeX color extensions (UK)
(/Users/robynwright/Library/TinyTeX/texmf-dist/tex/latex/graphics-cfg/color.cfg
File: color.cfg 2016/01/02 v1.6 sample color configuration
)
Package xcolor Info: Driver file: xetex.def on input line 274.
(/Users/robynwright/Library/TinyTeX/texmf-dist/tex/latex/graphics-def/xetex.def
File: xetex.def 2022/09/22 v5.0n Graphics/color driver for xetex
) (/Users/robynwright/Library/TinyTeX/texmf-dist/tex/latex/graphics/mathcolor.ltx)
Package xcolor Info: Model `cmy' substituted by `cmy0' on input line 1349.
Package xcolor Info: Model `RGB' extended on input line 1365.
Package xcolor Info: Model `HTML' substituted by `rgb' on input line 1367.
Package xcolor Info: Model `Hsb' substituted by `hsb' on input line 1368.
Package xcolor Info: Model `tHsb' substituted by `hsb' on input line 1369.
Package xcolor Info: Model `HSB' substituted by `hsb' on input line 1370.
Package xcolor Info: Model `Gray' substituted by `gray' on input line 1371.
Package xcolor Info: Model `wave' substituted by `hsb' on input line 1372.
) (/Users/robynwright/Library/TinyTeX/texmf-dist/tex/latex/fancyvrb/fancyvrb.sty
Package: fancyvrb 2024/01/20 4.5c verbatim text (tvz,hv)
(/Users/robynwright/Library/TinyTeX/texmf-dist/tex/latex/graphics/keyval.sty
Package: keyval 2022/05/29 v1.15 key=value parser (DPC)
\KV@toks@=\toks22
)
\FV@CodeLineNo=\count306
\FV@InFile=\read2
\FV@TabBox=\box55
\c@FancyVerbLine=\count307
\FV@StepNumber=\count308
\FV@OutFile=\write3
) (/Users/robynwright/Library/TinyTeX/texmf-dist/tex/latex/framed/framed.sty
Package: framed 2011/10/22 v 0.96: framed or shaded text with page breaks
\OuterFrameSep=\skip54
\fb@frw=\dimen159
\fb@frh=\dimen160
\FrameRule=\dimen161
\FrameSep=\dimen162
) (/Users/robynwright/Library/TinyTeX/texmf-dist/tex/latex/tools/longtable.sty
Package: longtable 2024-10-27 v4.22 Multi-page Table package (DPC)
\LTleft=\skip55
\LTright=\skip56
\LTpre=\skip57
\LTpost=\skip58
\LTchunksize=\count309
\LTcapwidth=\dimen163
\LT@head=\box56
\LT@firsthead=\box57
\LT@foot=\box58
\LT@lastfoot=\box59
\LT@gbox=\box60
\LT@cols=\count310
\LT@rows=\count311
\c@LT@tables=\count312
\c@LT@chunks=\count313
\LT@p@ftn=\toks23
) (/Users/robynwright/Library/TinyTeX/texmf-dist/tex/latex/booktabs/booktabs.sty
Package: booktabs 2020/01/12 v1.61803398 Publication quality tables
\heavyrulewidth=\dimen164
\lightrulewidth=\dimen165
\cmidrulewidth=\dimen166
\belowrulesep=\dimen167
\belowbottomsep=\dimen168
\aboverulesep=\dimen169
\abovetopsep=\dimen170
\cmidrulesep=\dimen171
\cmidrulekern=\dimen172
\defaultaddspace=\dimen173
\@cmidla=\count314
\@cmidlb=\count315
\@aboverulesep=\dimen174
\@belowrulesep=\dimen175
\@thisruleclass=\count316
\@lastruleclass=\count317
\@thisrulewidth=\dimen176
) (/Users/robynwright/Library/TinyTeX/texmf-dist/tex/latex/tools/array.sty
Package: array 2024/10/17 v2.6g Tabular extension package (FMi)
\col@sep=\dimen177
\ar@mcellbox=\box61
\extrarowheight=\dimen178
\NC@list=\toks24
\extratabsurround=\skip59
\backup@length=\skip60
\ar@cellbox=\box62
) (/Users/robynwright/Library/TinyTeX/texmf-dist/tex/latex/tools/calc.sty
Package: calc 2023/07/08 v4.3 Infix arithmetic (KKT,FJ)
\calc@Acount=\count318
\calc@Bcount=\count319
\calc@Adimen=\dimen179
\calc@Bdimen=\dimen180
\calc@Askip=\skip61
\calc@Bskip=\skip62
LaTeX Info: Redefining \setlength on input line 80.
LaTeX Info: Redefining \addtolength on input line 81.
\calc@Ccount=\count320
\calc@Cskip=\skip63
) (/Users/robynwright/Library/TinyTeX/texmf-dist/tex/latex/etoolbox/etoolbox.sty
Package: etoolbox 2025/02/11 v2.5l e-TeX tools for LaTeX (JAW)
\etb@tempcnta=\count321
) (/Users/robynwright/Library/TinyTeX/texmf-dist/tex/latex/mdwtools/footnote.sty
Package: footnote 1997/01/28 1.13 Save footnotes around boxes
\fn@notes=\box63
\fn@width=\dimen181
) (/Users/robynwright/Library/TinyTeX/texmf-dist/tex/latex/graphics/graphicx.sty
Package: graphicx 2021/09/16 v1.2d Enhanced LaTeX Graphics (DPC,SPQR)
(/Users/robynwright/Library/TinyTeX/texmf-dist/tex/latex/graphics/graphics.sty
Package: graphics 2024/08/06 v1.4g Standard LaTeX Graphics (DPC,SPQR)
(/Users/robynwright/Library/TinyTeX/texmf-dist/tex/latex/graphics/trig.sty
Package: trig 2023/12/02 v1.11 sin cos tan (DPC)
) (/Users/robynwright/Library/TinyTeX/texmf-dist/tex/latex/graphics-cfg/graphics.cfg
File: graphics.cfg 2016/06/04 v1.11 sample graphics configuration
)
Package graphics Info: Driver file: xetex.def on input line 106.
)
\Gin@req@height=\dimen182
\Gin@req@width=\dimen183
) (/Users/robynwright/Library/TinyTeX/texmf-dist/tex/latex/natbib/natbib.sty
Package: natbib 2010/09/13 8.31b (PWD, AO)
\bibhang=\skip64
\bibsep=\skip65
LaTeX Info: Redefining \cite on input line 694.
\c@NAT@ctr=\count322
) (/Users/robynwright/Library/TinyTeX/texmf-dist/tex/latex/bookmark/bookmark.sty
Package: bookmark 2023-12-10 v1.31 PDF bookmarks (HO)
(/Users/robynwright/Library/TinyTeX/texmf-dist/tex/latex/hyperref/hyperref.sty
Package: hyperref 2025-05-20 v7.01m Hypertext links for LaTeX
(/Users/robynwright/Library/TinyTeX/texmf-dist/tex/latex/kvsetkeys/kvsetkeys.sty
Package: kvsetkeys 2022-10-05 v1.19 Key value parser (HO)
) (/Users/robynwright/Library/TinyTeX/texmf-dist/tex/generic/kvdefinekeys/kvdefinekeys.sty
Package: kvdefinekeys 2019-12-19 v1.6 Define keys (HO)
) (/Users/robynwright/Library/TinyTeX/texmf-dist/tex/generic/pdfescape/pdfescape.sty
Package: pdfescape 2019/12/09 v1.15 Implements pdfTeX's escape features (HO)
(/Users/robynwright/Library/TinyTeX/texmf-dist/tex/generic/ltxcmds/ltxcmds.sty
Package: ltxcmds 2023-12-04 v1.26 LaTeX kernel commands for general use (HO)
) (/Users/robynwright/Library/TinyTeX/texmf-dist/tex/generic/pdftexcmds/pdftexcmds.sty
Package: pdftexcmds 2020-06-27 v0.33 Utility functions of pdfTeX for LuaTeX (HO)
(/Users/robynwright/Library/TinyTeX/texmf-dist/tex/generic/infwarerr/infwarerr.sty
Package: infwarerr 2019/12/03 v1.5 Providing info/warning/error messages (HO)
)
Package pdftexcmds Info: \pdf@primitive is available.
Package pdftexcmds Info: \pdf@ifprimitive is available.
Package pdftexcmds Info: \pdfdraftmode not found.
)) (/Users/robynwright/Library/TinyTeX/texmf-dist/tex/latex/hycolor/hycolor.sty
Package: hycolor 2020-01-27 v1.10 Color options for hyperref/bookmark (HO)
) (/Users/robynwright/Library/TinyTeX/texmf-dist/tex/latex/hyperref/nameref.sty
Package: nameref 2023-11-26 v2.56 Cross-referencing by name of section
(/Users/robynwright/Library/TinyTeX/texmf-dist/tex/latex/refcount/refcount.sty
Package: refcount 2019/12/15 v3.6 Data extraction from label references (HO)
) (/Users/robynwright/Library/TinyTeX/texmf-dist/tex/generic/gettitlestring/gettitlestring.sty
Package: gettitlestring 2019/12/15 v1.6 Cleanup title references (HO)
(/Users/robynwright/Library/TinyTeX/texmf-dist/tex/latex/kvoptions/kvoptions.sty
Package: kvoptions 2022-06-15 v3.15 Key value format for package options (HO)
))
\c@section@level=\count323
) (/Users/robynwright/Library/TinyTeX/texmf-dist/tex/generic/stringenc/stringenc.sty
Package: stringenc 2019/11/29 v1.12 Convert strings between diff. encodings (HO)
)
\@linkdim=\dimen184
\Hy@linkcounter=\count324
\Hy@pagecounter=\count325
(/Users/robynwright/Library/TinyTeX/texmf-dist/tex/latex/hyperref/pd1enc.def
File: pd1enc.def 2025-05-20 v7.01m Hyperref: PDFDocEncoding definition (HO)
) (/Users/robynwright/Library/TinyTeX/texmf-dist/tex/generic/intcalc/intcalc.sty
Package: intcalc 2019/12/15 v1.3 Expandable calculations with integers (HO)
)
\Hy@SavedSpaceFactor=\count326
(/Users/robynwright/Library/TinyTeX/texmf-dist/tex/latex/hyperref/puenc.def
File: puenc.def 2025-05-20 v7.01m Hyperref: PDF Unicode definition (HO)
)
Package hyperref Info: Option `unicode' set `true' on input line 4040.
Package hyperref Info: Hyper figures OFF on input line 4157.
Package hyperref Info: Link nesting OFF on input line 4162.
Package hyperref Info: Hyper index ON on input line 4165.
Package hyperref Info: Plain pages OFF on input line 4172.
Package hyperref Info: Backreferencing OFF on input line 4177.
Package hyperref Info: Implicit mode ON; LaTeX internals redefined.
Package hyperref Info: Bookmarks ON on input line 4424.
\c@Hy@tempcnt=\count327
(/Users/robynwright/Library/TinyTeX/texmf-dist/tex/latex/url/url.sty
\Urlmuskip=\muskip19
Package: url 2013/09/16  ver 3.4  Verb mode for urls, etc.
)
LaTeX Info: Redefining \url on input line 4763.
\XeTeXLinkMargin=\dimen185
(/Users/robynwright/Library/TinyTeX/texmf-dist/tex/generic/bitset/bitset.sty
Package: bitset 2019/12/09 v1.3 Handle bit-vector datatype (HO)
(/Users/robynwright/Library/TinyTeX/texmf-dist/tex/generic/bigintcalc/bigintcalc.sty
Package: bigintcalc 2019/12/15 v1.5 Expandable calculations on big integers (HO)
))
\Fld@menulength=\count328
\Field@Width=\dimen186
\Fld@charsize=\dimen187
Package hyperref Info: Hyper figures OFF on input line 6042.
Package hyperref Info: Link nesting OFF on input line 6047.
Package hyperref Info: Hyper index ON on input line 6050.
Package hyperref Info: backreferencing OFF on input line 6057.
Package hyperref Info: Link coloring OFF on input line 6062.
Package hyperref Info: Link coloring with OCG OFF on input line 6067.
Package hyperref Info: PDF/A mode OFF on input line 6072.
(/Users/robynwright/Library/TinyTeX/texmf-dist/tex/latex/base/atbegshi-ltx.sty
Package: atbegshi-ltx 2021/01/10 v1.0c Emulation of the original atbegshi
package with kernel methods
)
\Hy@abspage=\count329
\c@Item=\count330
\c@Hfootnote=\count331
)
Package hyperref Info: Driver (autodetected): hxetex.
(/Users/robynwright/Library/TinyTeX/texmf-dist/tex/latex/hyperref/hxetex.def
File: hxetex.def 2025-05-20 v7.01m Hyperref driver for XeTeX
\pdfm@box=\box64
\c@Hy@AnnotLevel=\count332
\HyField@AnnotCount=\count333
\Fld@listcount=\count334
\c@bookmark@seq@number=\count335
(/Users/robynwright/Library/TinyTeX/texmf-dist/tex/latex/rerunfilecheck/rerunfilecheck.sty
Package: rerunfilecheck 2022-07-10 v1.10 Rerun checks for auxiliary files (HO)
(/Users/robynwright/Library/TinyTeX/texmf-dist/tex/latex/base/atveryend-ltx.sty
Package: atveryend-ltx 2020/08/19 v1.0a Emulation of the original atveryend package
with kernel methods
) (/Users/robynwright/Library/TinyTeX/texmf-dist/tex/generic/uniquecounter/uniquecounter.sty
Package: uniquecounter 2019/12/15 v1.4 Provide unlimited unique counter (HO)
)
Package uniquecounter Info: New unique counter `rerunfilecheck' on input line 285.
)
\Hy@SectionHShift=\skip66
) (/Users/robynwright/Library/TinyTeX/texmf-dist/tex/latex/bookmark/bkm-dvipdfm.def
File: bkm-dvipdfm.def 2023-12-10 v1.31 bookmark driver for dvipdfm (HO)
\BKM@id=\count336
)) (./_main.aux)
\openout1 = `_main.aux'.

LaTeX Font Info:    Checking defaults for OML/cmm/m/it on input line 148.
LaTeX Font Info:    ... okay on input line 148.
LaTeX Font Info:    Checking defaults for OMS/cmsy/m/n on input line 148.
LaTeX Font Info:    ... okay on input line 148.
LaTeX Font Info:    Checking defaults for OT1/cmr/m/n on input line 148.
LaTeX Font Info:    ... okay on input line 148.
LaTeX Font Info:    Checking defaults for T1/cmr/m/n on input line 148.
LaTeX Font Info:    ... okay on input line 148.
LaTeX Font Info:    Checking defaults for TS1/cmr/m/n on input line 148.
LaTeX Font Info:    ... okay on input line 148.
LaTeX Font Info:    Checking defaults for TU/lmr/m/n on input line 148.
LaTeX Font Info:    ... okay on input line 148.
LaTeX Font Info:    Checking defaults for OMX/cmex/m/n on input line 148.
LaTeX Font Info:    ... okay on input line 148.
LaTeX Font Info:    Checking defaults for U/cmr/m/n on input line 148.
LaTeX Font Info:    ... okay on input line 148.
LaTeX Font Info:    Checking defaults for PD1/pdf/m/n on input line 148.
LaTeX Font Info:    ... okay on input line 148.
LaTeX Font Info:    Checking defaults for PU/pdf/m/n on input line 148.
LaTeX Font Info:    ... okay on input line 148.
LaTeX Font Info:    Overwriting math alphabet `\mathrm' in version `normal'
(Font)                  OT1/lmr/m/n --> TU/lmr/m/n on input line 148.
LaTeX Font Info:    Overwriting math alphabet `\mathit' in version `normal'
(Font)                  OT1/lmr/m/it --> TU/lmr/m/it on input line 148.
LaTeX Font Info:    Overwriting math alphabet `\mathbf' in version `normal'
(Font)                  OT1/lmr/bx/n --> TU/lmr/bx/n on input line 148.
LaTeX Font Info:    Overwriting math alphabet `\mathsf' in version `normal'
(Font)                  OT1/lmss/m/n --> TU/lmss/m/n on input line 148.
LaTeX Font Info:    Overwriting math alphabet `\mathsf' in version `bold'
(Font)                  OT1/lmss/bx/n --> TU/lmss/bx/n on input line 148.
LaTeX Font Info:    Overwriting math alphabet `\mathtt' in version `normal'
(Font)                  OT1/lmtt/m/n --> TU/lmtt/m/n on input line 148.
LaTeX Font Info:    Overwriting math alphabet `\mathtt' in version `bold'
(Font)                  OT1/lmtt/m/n --> TU/lmtt/bx/n on input line 148.

Package fontspec Info: 
(fontspec)             latinmodern-math scale = 0.9999964596882403.


Package fontspec Info: 
(fontspec)             latinmodern-math scale = 0.9999964596882403.


Package fontspec Info: 
(fontspec)             latinmodern-math scale = 0.9999964596882403.


Package fontspec Info: 
(fontspec)             Font family 'latinmodern-math.otf(0)' created for font
(fontspec)             'latinmodern-math.otf' with options
(fontspec)             [Scale=MatchLowercase,BoldItalicFont={},ItalicFont={},SmallCapsFont={},Script=Math,BoldFont={latinmodern-math.otf}].
(fontspec)              
(fontspec)              This font family consists of the following NFSS
(fontspec)             series/shapes:
(fontspec)              
(fontspec)             - 'normal' (m/n) with NFSS spec.:
(fontspec)             <->s*[0.9999964596882403]"[latinmodern-math.otf]/OT:script=math;language=dflt;"
(fontspec)             - 'bold' (b/n) with NFSS spec.:
(fontspec)             <->s*[0.9999964596882403]"[latinmodern-math.otf]/OT:script=math;language=dflt;"

LaTeX Font Info:    Font shape `TU/latinmodern-math.otf(0)/m/n' will be
(Font)              scaled to size 10.0pt on input line 148.

Package fontspec Info: 
(fontspec)             latinmodern-math scale = 0.9999964596882403.


Package fontspec Info: 
(fontspec)             latinmodern-math scale = 0.9999964596882403.


Package fontspec Info: 
(fontspec)             latinmodern-math scale = 0.9999964596882403.


Package fontspec Info: 
(fontspec)             latinmodern-math scale = 0.9999964596882403.


Package fontspec Info: 
(fontspec)             latinmodern-math scale = 0.9999964596882403.


Package fontspec Info: 
(fontspec)             Font family 'latinmodern-math.otf(1)' created for font
(fontspec)             'latinmodern-math.otf' with options
(fontspec)             [Scale=MatchLowercase,BoldItalicFont={},ItalicFont={},SmallCapsFont={},Script=Math,SizeFeatures={{Size=8.5-},{Size=6-8.5,Font=latinmodern-math.otf,Style=MathScript},{Size=-6,Font=latinmodern-math.otf,Style=MathScriptScript}},BoldFont={latinmodern-math.otf}].
(fontspec)              
(fontspec)              This font family consists of the following NFSS
(fontspec)             series/shapes:
(fontspec)              
(fontspec)             - 'normal' (m/n) with NFSS spec.:
(fontspec)             <8.5->s*[0.9999964596882403]"[latinmodern-math.otf]/OT:script=math;language=dflt;"<6-8.5>s*[0.9999964596882403]"[latinmodern-math.otf]/OT:script=math;language=dflt;+ssty=0;"<-6>s*[0.9999964596882403]"[latinmodern-math.otf]/OT:script=math;language=dflt;+ssty=1;"
(fontspec)             - 'bold' (b/n) with NFSS spec.:
(fontspec)             <->s*[0.9999964596882403]"[latinmodern-math.otf]/OT:script=math;language=dflt;"

LaTeX Font Info:    Font shape `TU/latinmodern-math.otf(1)/m/n' will be
(Font)              scaled to size 10.0pt on input line 148.
LaTeX Font Info:    Encoding `OT1' has changed to `TU' for symbol font
(Font)              `operators' in the math version `normal' on input line 148.
LaTeX Font Info:    Overwriting symbol font `operators' in version `normal'
(Font)                  OT1/lmr/m/n --> TU/latinmodern-math.otf(1)/m/n on input line 148.
LaTeX Font Info:    Encoding `OT1' has changed to `TU' for symbol font
(Font)              `operators' in the math version `bold' on input line 148.
LaTeX Font Info:    Overwriting symbol font `operators' in version `bold'
(Font)                  OT1/lmr/bx/n --> TU/latinmodern-math.otf(1)/b/n on input line 148.

Package fontspec Info: 
(fontspec)             latinmodern-math scale = 0.9999964596882403.


Package fontspec Info: 
(fontspec)             latinmodern-math scale = 1.000096459334209.


Package fontspec Info: 
(fontspec)             latinmodern-math scale = 0.9999964596882403.


Package fontspec Info: 
(fontspec)             latinmodern-math scale = 1.000096459334209.


Package fontspec Info: 
(fontspec)             latinmodern-math scale = 0.9999964596882403.


Package fontspec Info: 
(fontspec)             latinmodern-math scale = 1.000096459334209.


Package fontspec Info: 
(fontspec)             latinmodern-math scale = 0.9999964596882403.


Package fontspec Info: 
(fontspec)             latinmodern-math scale = 1.000096459334209.


Package fontspec Info: 
(fontspec)             latinmodern-math scale = 0.9999964596882403.


Package fontspec Info: 
(fontspec)             latinmodern-math scale = 1.000096459334209.


Package fontspec Info: 
(fontspec)             Font family 'latinmodern-math.otf(2)' created for font
(fontspec)             'latinmodern-math.otf' with options
(fontspec)             [Scale=MatchLowercase,BoldItalicFont={},ItalicFont={},SmallCapsFont={},Script=Math,SizeFeatures={{Size=8.5-},{Size=6-8.5,Font=latinmodern-math.otf,Style=MathScript},{Size=-6,Font=latinmodern-math.otf,Style=MathScriptScript}},BoldFont={latinmodern-math.otf},ScaleAgain=1.0001,FontAdjustment={\fontdimen
(fontspec)             8\font =6.77pt\relax \fontdimen 9\font =3.94pt\relax
(fontspec)             \fontdimen 10\font =4.44pt\relax \fontdimen 11\font
(fontspec)             =6.86pt\relax \fontdimen 12\font =3.45pt\relax
(fontspec)             \fontdimen 13\font =3.63pt\relax \fontdimen 14\font
(fontspec)             =3.63pt\relax \fontdimen 15\font =2.89pt\relax
(fontspec)             \fontdimen 16\font =2.47pt\relax \fontdimen 17\font
(fontspec)             =2.47pt\relax \fontdimen 18\font =2.5pt\relax
(fontspec)             \fontdimen 19\font =2.0pt\relax \fontdimen 22\font
(fontspec)             =2.5pt\relax \fontdimen 20\font =0pt\relax \fontdimen
(fontspec)             21\font =0pt\relax }].
(fontspec)              
(fontspec)              This font family consists of the following NFSS
(fontspec)             series/shapes:
(fontspec)              
(fontspec)             - 'normal' (m/n) with NFSS spec.:
(fontspec)             <8.5->s*[1.000096459334209]"[latinmodern-math.otf]/OT:script=math;language=dflt;"<6-8.5>s*[1.000096459334209]"[latinmodern-math.otf]/OT:script=math;language=dflt;+ssty=0;"<-6>s*[1.000096459334209]"[latinmodern-math.otf]/OT:script=math;language=dflt;+ssty=1;"
(fontspec)             - 'bold' (b/n) with NFSS spec.:
(fontspec)             <->s*[1.000096459334209]"[latinmodern-math.otf]/OT:script=math;language=dflt;"

LaTeX Font Info:    Encoding `OMS' has changed to `TU' for symbol font
(Font)              `symbols' in the math version `normal' on input line 148.
LaTeX Font Info:    Overwriting symbol font `symbols' in version `normal'
(Font)                  OMS/lmsy/m/n --> TU/latinmodern-math.otf(2)/m/n on input line 148.
LaTeX Font Info:    Encoding `OMS' has changed to `TU' for symbol font
(Font)              `symbols' in the math version `bold' on input line 148.
LaTeX Font Info:    Overwriting symbol font `symbols' in version `bold'
(Font)                  OMS/lmsy/b/n --> TU/latinmodern-math.otf(2)/b/n on input line 148.

Package fontspec Info: 
(fontspec)             latinmodern-math scale = 0.9999964596882403.


Package fontspec Info: 
(fontspec)             latinmodern-math scale = 0.9998964600422715.


Package fontspec Info: 
(fontspec)             latinmodern-math scale = 0.9999964596882403.


Package fontspec Info: 
(fontspec)             latinmodern-math scale = 0.9998964600422715.


Package fontspec Info: 
(fontspec)             latinmodern-math scale = 0.9999964596882403.


Package fontspec Info: 
(fontspec)             latinmodern-math scale = 0.9998964600422715.


Package fontspec Info: 
(fontspec)             latinmodern-math scale = 0.9999964596882403.


Package fontspec Info: 
(fontspec)             latinmodern-math scale = 0.9998964600422715.


Package fontspec Info: 
(fontspec)             latinmodern-math scale = 0.9999964596882403.


Package fontspec Info: 
(fontspec)             latinmodern-math scale = 0.9998964600422715.


Package fontspec Info: 
(fontspec)             Font family 'latinmodern-math.otf(3)' created for font
(fontspec)             'latinmodern-math.otf' with options
(fontspec)             [Scale=MatchLowercase,BoldItalicFont={},ItalicFont={},SmallCapsFont={},Script=Math,SizeFeatures={{Size=8.5-},{Size=6-8.5,Font=latinmodern-math.otf,Style=MathScript},{Size=-6,Font=latinmodern-math.otf,Style=MathScriptScript}},BoldFont={latinmodern-math.otf},ScaleAgain=0.9999,FontAdjustment={\fontdimen
(fontspec)             8\font =0.4pt\relax \fontdimen 9\font =2.0pt\relax
(fontspec)             \fontdimen 10\font =1.67pt\relax \fontdimen 11\font
(fontspec)             =1.11pt\relax \fontdimen 12\font =6.0pt\relax
(fontspec)             \fontdimen 13\font =0pt\relax }].
(fontspec)              
(fontspec)              This font family consists of the following NFSS
(fontspec)             series/shapes:
(fontspec)              
(fontspec)             - 'normal' (m/n) with NFSS spec.:
(fontspec)             <8.5->s*[0.9998964600422715]"[latinmodern-math.otf]/OT:script=math;language=dflt;"<6-8.5>s*[0.9998964600422715]"[latinmodern-math.otf]/OT:script=math;language=dflt;+ssty=0;"<-6>s*[0.9998964600422715]"[latinmodern-math.otf]/OT:script=math;language=dflt;+ssty=1;"
(fontspec)             - 'bold' (b/n) with NFSS spec.:
(fontspec)             <->s*[0.9998964600422715]"[latinmodern-math.otf]/OT:script=math;language=dflt;"

LaTeX Font Info:    Encoding `OMX' has changed to `TU' for symbol font
(Font)              `largesymbols' in the math version `normal' on input line 148.
LaTeX Font Info:    Overwriting symbol font `largesymbols' in version `normal'
(Font)                  OMX/lmex/m/n --> TU/latinmodern-math.otf(3)/m/n on input line 148.
LaTeX Font Info:    Encoding `OMX' has changed to `TU' for symbol font
(Font)              `largesymbols' in the math version `bold' on input line 148.
LaTeX Font Info:    Overwriting symbol font `largesymbols' in version `bold'
(Font)                  OMX/lmex/m/n --> TU/latinmodern-math.otf(3)/b/n on input line 148.
Package hyperref Info: Link coloring OFF on input line 148.
LaTeX Font Info:    Font shape `TU/latinmodern-math.otf(1)/m/n' will be
(Font)              scaled to size 12.0pt on input line 150.
LaTeX Font Info:    Font shape `TU/latinmodern-math.otf(1)/m/n' will be
(Font)              scaled to size 8.0pt on input line 150.
LaTeX Font Info:    Font shape `TU/latinmodern-math.otf(1)/m/n' will be
(Font)              scaled to size 6.0pt on input line 150.
LaTeX Font Info:    Trying to load font information for OML+lmm on input line 150.
(/Users/robynwright/Library/TinyTeX/texmf-dist/tex/latex/lm/omllmm.fd
File: omllmm.fd 2015/05/01 v1.6.1 Font defs for Latin Modern
)
LaTeX Font Info:    Font shape `TU/latinmodern-math.otf(2)/m/n' will be
(Font)              scaled to size 12.0011pt on input line 150.
LaTeX Font Info:    Font shape `TU/latinmodern-math.otf(2)/m/n' will be
(Font)              scaled to size 8.00073pt on input line 150.
LaTeX Font Info:    Font shape `TU/latinmodern-math.otf(2)/m/n' will be
(Font)              scaled to size 6.00055pt on input line 150.
LaTeX Font Info:    Font shape `TU/latinmodern-math.otf(3)/m/n' will be
(Font)              scaled to size 11.99872pt on input line 150.
LaTeX Font Info:    Font shape `TU/latinmodern-math.otf(3)/m/n' will be
(Font)              scaled to size 7.99915pt on input line 150.
LaTeX Font Info:    Font shape `TU/latinmodern-math.otf(3)/m/n' will be
(Font)              scaled to size 5.99936pt on input line 150.
LaTeX Font Info:    Trying to load font information for U+msa on input line 150.
(/Users/robynwright/Library/TinyTeX/texmf-dist/tex/latex/amsfonts/umsa.fd
File: umsa.fd 2013/01/14 v3.01 AMS symbols A
)
LaTeX Font Info:    Trying to load font information for U+msb on input line 150.
(/Users/robynwright/Library/TinyTeX/texmf-dist/tex/latex/amsfonts/umsb.fd
File: umsb.fd 2013/01/14 v3.01 AMS symbols B
)

[1


]

[2

] (./_main.toc
LaTeX Font Info:    Font shape `TU/latinmodern-math.otf(1)/m/n' will be
(Font)              scaled to size 7.0pt on input line 3.
LaTeX Font Info:    Font shape `TU/latinmodern-math.otf(1)/m/n' will be
(Font)              scaled to size 5.0pt on input line 3.
LaTeX Font Info:    Font shape `TU/latinmodern-math.otf(2)/m/n' will be
(Font)              scaled to size 10.00092pt on input line 3.
LaTeX Font Info:    Font shape `TU/latinmodern-math.otf(2)/m/n' will be
(Font)              scaled to size 7.00064pt on input line 3.
LaTeX Font Info:    Font shape `TU/latinmodern-math.otf(2)/m/n' will be
(Font)              scaled to size 5.00046pt on input line 3.
LaTeX Font Info:    Font shape `TU/latinmodern-math.otf(3)/m/n' will be
(Font)              scaled to size 9.99893pt on input line 3.
LaTeX Font Info:    Font shape `TU/latinmodern-math.otf(3)/m/n' will be
(Font)              scaled to size 6.99925pt on input line 3.
LaTeX Font Info:    Font shape `TU/latinmodern-math.otf(3)/m/n' will be
(Font)              scaled to size 4.99947pt on input line 3.


[3]

[4])
\tf@toc=\write4
\openout4 = `_main.toc'.



[5]

[6

]

[7]

[8]
Chapter 1.


[9

]

[10]

[11

]

[12]
Chapter 2.


[13

]
Underfull \hbox (badness 2426) in paragraph at lines 251--252
\TU/lmr/m/n/10 “yes” and press enter. Now you should see something like \TU/lmtt/m/n/10 (base)
 []




Overfull \hbox (63.87454pt too wide) has occurred while \output is active
\TU/lmr/m/n/10 14 \TU/lmr/m/sl/10 CHAPTER 2.  MODULE 1 LAB: INTRODUCTION TO SEQUENCING DATA ANALYSIS
 []

[14]


Overfull \hbox (72.55124pt too wide) has occurred while \output is active
\TU/lmr/m/sl/10 2.3.  1.2 CREATING DIRECTORIES AND MOVING AROUND ON THE COMMAND LINE \TU/lmr/m/n/10 15
 []

[15]
Overfull \hbox (153.75pt too wide) in paragraph at lines 302--302
[]\TU/lmtt/m/n/10 wget https://g-227ca.190ebd.75bc.data.globus.org/ibdmdb/raw/HMP2/16S/2018-01-08/206534.fastq.gz[] 
 []


Overfull \hbox (153.75pt too wide) in paragraph at lines 302--302
[]\TU/lmtt/m/n/10 wget https://g-227ca.190ebd.75bc.data.globus.org/ibdmdb/raw/HMP2/16S/2018-01-08/206536.fastq.gz[] 
 []


Overfull \hbox (153.75pt too wide) in paragraph at lines 302--302
[]\TU/lmtt/m/n/10 wget https://g-227ca.190ebd.75bc.data.globus.org/ibdmdb/raw/HMP2/16S/2018-01-08/206538.fastq.gz[] 
 []




Overfull \hbox (63.87454pt too wide) has occurred while \output is active
\TU/lmr/m/n/10 16 \TU/lmr/m/sl/10 CHAPTER 2.  MODULE 1 LAB: INTRODUCTION TO SEQUENCING DATA ANALYSIS
 []

[16]

[17]


Overfull \hbox (63.87454pt too wide) has occurred while \output is active
\TU/lmr/m/n/10 18 \TU/lmr/m/sl/10 CHAPTER 2.  MODULE 1 LAB: INTRODUCTION TO SEQUENCING DATA ANALYSIS
 []

[18]
Overfull \hbox (111.33502pt too wide) in paragraph at lines 369--371
\TU/lmr/m/n/10 across the same files in \TU/lmtt/m/n/10 fasta \TU/lmr/m/n/10 format: \TU/lmtt/m/n/10 cp -r ~/CourseData/MIC_data/bmb_module1/test_data_fasta/
 []


Overfull \hbox (20.12502pt too wide) in paragraph at lines 372--373
[]\TU/lmr/m/n/10 Take a look at the same file in \TU/lmtt/m/n/10 fasta \TU/lmr/m/n/10 format: \TU/lmtt/m/n/10 less test_data_fasta/206538.fasta 
 []



[19]
Overfull \hbox (138.0pt too wide) in paragraph at lines 383--383
[]\TU/lmtt/m/n/10 scp -r -i CBW.pem ubuntu@##.uhn-hpc.ca:/home/ubuntu/workspace/bmb_module1/test_data_fasta/ .[] 
 []


Overfull \hbox (106.5pt too wide) in paragraph at lines 383--383
[]\TU/lmtt/m/n/10 scp -r -i CBW.pem ubuntu@##.uhn-hpc.ca:/home/ubuntu/workspace/bmb_module1/test_data/ .[] 
 []




Overfull \hbox (63.87454pt too wide) has occurred while \output is active
\TU/lmr/m/n/10 20 \TU/lmr/m/sl/10 CHAPTER 2.  MODULE 1 LAB: INTRODUCTION TO SEQUENCING DATA ANALYSIS
 []

[20]
Overfull \hbox (59.25pt too wide) in paragraph at lines 417--417
[]\TU/lmtt/m/n/10 curl -O https://repo.anaconda.com/archive/Anaconda3-2024.10-1-Linux-x86_64.sh[] 
 []


Overfull \hbox (43.5pt too wide) in paragraph at lines 417--417
[]\TU/lmtt/m/n/10 #hold down enter key until you get to the end of the agreement, or press q[] 
 []


Overfull \hbox (143.25pt too wide) in paragraph at lines 417--417
[]\TU/lmtt/m/n/10 #now close and reopen the window - you'll need to log back in the same way as you did before![] 
 []



[21]
Underfull \hbox (badness 3713) in paragraph at lines 431--433
[]\TU/lmr/m/n/10 Now we can “activate” this environment like this: \TU/lmtt/m/n/10 conda activate
 []


Overfull \hbox (9.53pt too wide) in paragraph at lines 444--445
\TU/lmtt/m/n/10 /home/ubuntu/CourseData/MIC_data/.conda/envs/bmb_module1/bin/fastqc\TU/lmr/m/n/10 . 
 []




Overfull \hbox (63.87454pt too wide) has occurred while \output is active
\TU/lmr/m/n/10 22 \TU/lmr/m/sl/10 CHAPTER 2.  MODULE 1 LAB: INTRODUCTION TO SEQUENCING DATA ANALYSIS
 []

[22]

[23]
Underfull \hbox (badness 10000) in paragraph at lines 496--503

 []




Overfull \hbox (63.87454pt too wide) has occurred while \output is active
\TU/lmr/m/n/10 24 \TU/lmr/m/sl/10 CHAPTER 2.  MODULE 1 LAB: INTRODUCTION TO SEQUENCING DATA ANALYSIS
 []

[24]
Overfull \hbox (384.75pt too wide) in paragraph at lines 561--561
[]\TU/lmtt/m/n/10 wget https://raw.githubusercontent.com/qiime2/distributions/refs/heads/dev/2025.4/amplicon/released/qiime2-amplicon-ubuntu-latest-conda.yml[] 
 []


Overfull \hbox (122.25pt too wide) in paragraph at lines 567--567
[]\TU/lmtt/m/n/10 conda env create -n qiime2-amplicon-2025.4 --file qiime2-amplicon-ubuntu-latest-conda.yml[] 
 []



[25]


Overfull \hbox (63.87454pt too wide) has occurred while \output is active
\TU/lmr/m/n/10 26 \TU/lmr/m/sl/10 CHAPTER 2.  MODULE 1 LAB: INTRODUCTION TO SEQUENCING DATA ANALYSIS
 []

[26]

[27]


Overfull \hbox (63.87454pt too wide) has occurred while \output is active
\TU/lmr/m/n/10 28 \TU/lmr/m/sl/10 CHAPTER 2.  MODULE 1 LAB: INTRODUCTION TO SEQUENCING DATA ANALYSIS
 []

[28

]

[29]

[30]
Chapter 3.


[31

]

LaTeX Warning: Hyper reference `1-16S' on page 32 undefined on input line 652.


LaTeX Warning: Hyper reference `11-16S-First-steps' on page 32 undefined on input line 658.


LaTeX Warning: Hyper reference `12-16S-denoising-the-reads-into-amplicon-sequence-variants' on page 32 undefined on input line 660.


LaTeX Warning: Hyper reference `13-16S-assign-taxonomy-to-asvs' on page 32 undefined on input line 662.


LaTeX Warning: Hyper reference `14-16S-filtering-resultant-table' on page 32 undefined on input line 664.


LaTeX Warning: Hyper reference `16S-Answers' on page 32 undefined on input line 666.


LaTeX Warning: Hyper reference `2-18S' on page 32 undefined on input line 669.


LaTeX Warning: Hyper reference `21-18S-First-steps' on page 32 undefined on input line 675.


LaTeX Warning: Hyper reference `22-18S-denoising-the-reads-into-amplicon-sequence-variants' on page 32 undefined on input line 677.


LaTeX Warning: Hyper reference `23-18S-assign-taxonomy-to-asvs' on page 32 undefined on input line 679.


LaTeX Warning: Hyper reference `24-18S-filtering-resultant-table' on page 32 undefined on input line 681.


LaTeX Warning: Hyper reference `18S-Answers' on page 32 undefined on input line 683.


LaTeX Warning: Hyper reference `3-ITS' on page 32 undefined on input line 686.


LaTeX Warning: Hyper reference `31-ITS-First-steps' on page 32 undefined on input line 692.


LaTeX Warning: Hyper reference `32-ITS-denoising-the-reads-into-amplicon-sequence-variants' on page 32 undefined on input line 694.


LaTeX Warning: Hyper reference `33-ITS-assign-taxonomy-to-asvs' on page 32 undefined on input line 696.


LaTeX Warning: Hyper reference `34-ITS-filtering-resultant-table' on page 32 undefined on input line 698.


LaTeX Warning: Hyper reference `ITS-Answers' on page 32 undefined on input line 700.



[32]
Overfull \hbox (17.25pt too wide) in paragraph at lines 714--714
[]\TU/lmtt/m/n/10 ln -s ~/CourseData/MIC_data/bmb_raw_data/Blueberry_16S_metadata.tsv .[] 
 []



[33]
Underfull \hbox (badness 7522) in paragraph at lines 764--765
\TU/lmr/m/n/10 mand prompt that looks something like \TU/lmtt/m/n/10 (qiime2-amplicon-2025.4)
 []


Underfull \hbox (badness 10000) in paragraph at lines 764--765
\TU/lmtt/m/n/10 ubuntu@ip-10-0-1-248:~/workspace/bmb_module2/16S_analysis$ \TU/lmr/m/n/10 yet,
 []



[34]


Overfull \hbox (42.41232pt too wide) has occurred while \output is active
\TU/lmr/m/sl/10 3.5.  1.2. 16S DENOISING THE READS INTO AMPLICON SEQUENCE VARIANTS \TU/lmr/m/n/10 35
 []

[35]
Overfull \hbox (6.75pt too wide) in paragraph at lines 830--830
[]  \TU/lmtt/m/n/10 --o-visualization reads_qza/reads_trimmed_joined_filt_summary.qzv[] 
 []


Overfull \hbox (1.5pt too wide) in paragraph at lines 852--852
[]  \TU/lmtt/m/n/10 --i-demultiplexed-seqs reads_qza/reads_trimmed_joined_filt.qza \[] 
 []



[36]
Overfull \hbox (6259.5pt too wide) in paragraph at lines 877--877
[]\TU/lmtt/m/n/10 You can assign taxonomy to your ASVs using a Naive-Bayes approach implemented in the [scikit learn](http://scikit-learn.org/stable/) Python library and the [SILVA](https://www.arb-silva.de/) or [UNITE](https://unite.ut.ee/) databases. This approach requires that a classifier be trained in advance on a reference database. We recommend users use a widely used classifier to help ensure there are no unexpected issues with the Naive-Bayes model. We previously maintained primer-specific classifiers, which theoretically can provide more accurate classifications, but we no longer do this due to concerns regarding issues with the trained models that are difficult to catch if only a couple people are running them. The full-length 16S/18S classifier can be downloaded from the [QIIME 2 website](https://docs.qiime2.org/2022.11/data-resources/) (silva-138-99-nb-classifier.qza for the latest classifier). Custom classifiers for the ITS region that we have generated from the UNITE database are available as well ([see downloads](http://kronos.pharmacology.dal.ca/public_files/MH/taxa_classifiers/qiime2-2020.8_classifiers) and [commands used to create these files](https://github.com/LangilleLab/microbiome_helper/wiki/Creating-QIIME-2-Taxonomic-Classifiers)):[] 
 []


Overfull \hbox (80.25pt too wide) in paragraph at lines 877--877
[]\TU/lmtt/m/n/10 -   Full ITS - fungi only (classifier_sh_refs_qiime_ver9_99_s_27.10.2022_ITS.qza)[] 
 []


Overfull \hbox (122.25pt too wide) in paragraph at lines 877--877
[]\TU/lmtt/m/n/10 -   Full ITS - all eukaryotes (classifier_sh_refs_qiime_ver9_99_s_all_27.10.2022_ITS.qza)[] 
 []


Overfull \hbox (11.4889pt too wide) in paragraph at lines 879--880
\TU/lmr/m/n/10 FTP site []here[] - click on the folder \TU/lmtt/m/n/10 sklearn-1.4.2-compatible-nb-classifiers/\TU/lmr/m/n/10 ,
 []


Overfull \hbox (39.51999pt too wide) in paragraph at lines 879--880
\TU/lmr/m/n/10 and then copy the link for the \TU/lmtt/m/n/10 2022.10.backbone.full-length.nb.sklearn-1.4.2.qza
 []


Overfull \hbox (12.0pt too wide) in paragraph at lines 899--899
[]  \TU/lmtt/m/n/10 --i-classifier 2022.10.backbone.full-length.nb.sklearn-1.4.2.qza \[] 
 []



[37]
Overfull \hbox (17.25pt too wide) in paragraph at lines 907--907
[]\TU/lmtt/m/n/10 cp ~/CourseData/MIC_data/bmb_module2/16S/taxa/classification.qza taxa[] 
 []



[38]

[39]
Overfull \hbox (22.5pt too wide) in paragraph at lines 982--982
[]  \TU/lmtt/m/n/10 --o-visualization deblur_output/deblur_table_filt_contam_summary.qzv[] 
 []


Overfull \hbox (85.5pt too wide) in paragraph at lines 990--990
[]\TU/lmtt/m/n/10 cp deblur_output/deblur_table_filt_contam.qza deblur_output/deblur_table_final.qza[] 
 []



[40]

[41]
Overfull \hbox (33.0pt too wide) in paragraph at lines 1053--1053
[]\TU/lmtt/m/n/10 ln -s ~/CourseData/MIC_data/bmb_raw_data/Plastisphere_18S_metadata.tsv .[] 
 []



[42]
Underfull \hbox (badness 7522) in paragraph at lines 1103--1104
\TU/lmr/m/n/10 mand prompt that looks something like \TU/lmtt/m/n/10 (qiime2-amplicon-2025.4)
 []


Underfull \hbox (badness 10000) in paragraph at lines 1103--1104
\TU/lmtt/m/n/10 ubuntu@ip-10-0-1-248:~/workspace/bmb_module2/18S_analysis$ \TU/lmr/m/n/10 yet,
 []



[43]

[44]
Overfull \hbox (6.75pt too wide) in paragraph at lines 1169--1169
[]  \TU/lmtt/m/n/10 --o-visualization reads_qza/reads_trimmed_joined_filt_summary.qzv[] 
 []




Overfull \hbox (47.41232pt too wide) has occurred while \output is active
\TU/lmr/m/sl/10 3.11.  2.2. 18S DENOISING THE READS INTO AMPLICON SEQUENCE VARIANTS \TU/lmr/m/n/10 45
 []

[45]
Overfull \hbox (6.75pt too wide) in paragraph at lines 1207--1207
[]   \TU/lmtt/m/n/10 --i-demultiplexed-seqs reads_qza/reads_trimmed_joined_filt.qza \[] 
 []



[46]
Overfull \hbox (17.25pt too wide) in paragraph at lines 1249--1249
[]\TU/lmtt/m/n/10 cp ~/CourseData/MIC_data/bmb_module2/18S/taxa/classification.qza taxa[] 
 []



[47]
Overfull \hbox (48.75pt too wide) in paragraph at lines 1277--1278
\TU/lmtt/m/n/10 sg__Archaeplastida; di__Rhodophyta; sd__Eurhodophytina; c__Florideophyceae;
 []



[48]

[49]
Overfull \hbox (22.5pt too wide) in paragraph at lines 1327--1327
[]  \TU/lmtt/m/n/10 --o-visualization deblur_output/deblur_table_filt_contam_summary.qzv[] 
 []


Overfull \hbox (85.5pt too wide) in paragraph at lines 1335--1335
[]\TU/lmtt/m/n/10 cp deblur_output/deblur_table_filt_contam.qza deblur_output/deblur_table_final.qza[] 
 []



[50]

[51]
Overfull \hbox (17.25pt too wide) in paragraph at lines 1398--1398
[]\TU/lmtt/m/n/10 ln -s ~/CourseData/MIC_data/bmb_raw_data/pregnancy_ITS_metadata.tsv .[] 
 []



[52]
Underfull \hbox (badness 7522) in paragraph at lines 1448--1449
\TU/lmr/m/n/10 mand prompt that looks something like \TU/lmtt/m/n/10 (qiime2-amplicon-2025.4)
 []


Underfull \hbox (badness 10000) in paragraph at lines 1448--1449
\TU/lmtt/m/n/10 ubuntu@ip-10-0-1-248:~/workspace/bmb_module2/ITS_analysis$ \TU/lmr/m/n/10 yet,
 []



[53]

[54]
Overfull \hbox (6.75pt too wide) in paragraph at lines 1514--1514
[]  \TU/lmtt/m/n/10 --o-visualization reads_qza/reads_trimmed_joined_filt_summary.qzv[] 
 []


Overfull \hbox (12.0pt too wide) in paragraph at lines 1539--1539
[]   \TU/lmtt/m/n/10 --input-path UNITE_sh_refs_qiime_ver8_99_s_all_02.02.2019.fasta \[] 
 []


Overfull \hbox (6.75pt too wide) in paragraph at lines 1539--1539
[]   \TU/lmtt/m/n/10 --output-path UNITE_sh_refs_qiime_ver8_99_s_all_02.02.2019.qza \[] 
 []




Overfull \hbox (48.24232pt too wide) has occurred while \output is active
\TU/lmr/m/sl/10 3.17.  3.2. ITS DENOISING THE READS INTO AMPLICON SEQUENCE VARIANTS \TU/lmr/m/n/10 55
 []

[55]
Overfull \hbox (6.75pt too wide) in paragraph at lines 1552--1552
[]   \TU/lmtt/m/n/10 --i-demultiplexed-seqs reads_qza/reads_trimmed_joined_filt.qza \[] 
 []


Overfull \hbox (33.0pt too wide) in paragraph at lines 1552--1552
[]   \TU/lmtt/m/n/10 --i-reference-seqs UNITE_sh_refs_qiime_ver8_99_s_all_02.02.2019.qza \[] 
 []



[56]
Underfull \hbox (badness 1838) in paragraph at lines 1574--1575
[]\TU/lmr/m/n/10 We’re going to use one that contains fungal ITS sequences from the
 []


Overfull \hbox (64.5pt too wide) in paragraph at lines 1574--1575
\TU/lmtt/m/n/10 classifier_fungi_ITS_sh_taxonomy_sh_taxonomy_qiime_ver10_99_04.04.2024_dev.qza
 []


Overfull \hbox (164.25pt too wide) in paragraph at lines 1590--1590
[]  \TU/lmtt/m/n/10 --i-classifier classifier_fungi_ITS_sh_taxonomy_sh_taxonomy_qiime_ver10_99_04.04.2024_dev.qza \[] 
 []


Overfull \hbox (17.25pt too wide) in paragraph at lines 1598--1598
[]\TU/lmtt/m/n/10 cp ~/CourseData/MIC_data/bmb_module2/ITS/taxa/classification.qza taxa[] 
 []



[57]
Overfull \hbox (347.17001pt too wide) in paragraph at lines 1626--1627
[]\TU/lmr/m/n/10 You should see that this sequence has been classified as \TU/lmtt/m/n/10 k__Fungi;p__Ascomycota;c__Eurotiomycetes;o__Eurotiales;f__Aspergillaceae;g__Aspergillus
 []



[58]

[59]
Overfull \hbox (22.5pt too wide) in paragraph at lines 1676--1676
[]  \TU/lmtt/m/n/10 --o-visualization deblur_output/deblur_table_filt_contam_summary.qzv[] 
 []


Overfull \hbox (48.75pt too wide) in paragraph at lines 1686--1686
[]\TU/lmtt/m/n/10 cp deblur_output/deblur_table_filt.qza deblur_output/deblur_table_final.qza[] 
 []



[60]

[61]

[62]

[63

]

[64]
Chapter 4.

LaTeX Warning: Hyper reference `build-tree' on page 65 undefined on input line 1749.


Underfull \hbox (badness 10000) in paragraph at lines 1749--1751

 []


Underfull \hbox (badness 10000) in paragraph at lines 1751--1753

 []


Underfull \hbox (badness 10000) in paragraph at lines 1753--1755

 []


Underfull \hbox (badness 10000) in paragraph at lines 1755--1757

 []


Underfull \hbox (badness 10000) in paragraph at lines 1757--1759

 []


Underfull \hbox (badness 10000) in paragraph at lines 1759--1761

 []


Underfull \hbox (badness 10000) in paragraph at lines 1761--1763

 []


Underfull \hbox (badness 10000) in paragraph at lines 1763--1765

 []



[65

]
LaTeX Font Info:    Font shape `TU/lmtt/bx/n' in size <10> not available
(Font)              Font shape `TU/lmtt/b/n' tried instead on input line 1794.



Overfull \hbox (33.95064pt too wide) has occurred while \output is active
\TU/lmr/m/n/10 66 \TU/lmr/m/sl/10 CHAPTER 4.  MODULE 3: MICROBIOME STATISTICS AND VISUALIZATIONS
 []

[66]

LaTeX Warning: Hyper reference `9-considerations-for-18s-and-its-data' on page 67 undefined on input line 1844.



[67]


Overfull \hbox (33.95064pt too wide) has occurred while \output is active
\TU/lmr/m/n/10 68 \TU/lmr/m/sl/10 CHAPTER 4.  MODULE 3: MICROBIOME STATISTICS AND VISUALIZATIONS
 []

[68]
Overfull \hbox (9.89206pt too wide) in paragraph at lines 1899--1900
[]\TU/lmr/m/it/10 Hint:To analyze other alpha diversity metrics, simply replace \TU/lmtt/m/it/10 shannon_vector.qza
 []




Overfull \hbox (82.67343pt too wide) has occurred while \output is active
\TU/lmr/m/sl/10 4.5.  3. CALCULATING DIVERSITY METRICS AND GENERATING ORDINATION PLOTS \TU/lmr/m/n/10 69
 []

[69]
Overfull \hbox (15.53pt too wide) in paragraph at lines 1917--1918
[]\TU/lmr/m/n/10 This will produce a file called \TU/lmtt/m/n/10 alpha-diversity.tsv \TU/lmr/m/n/10 inside the \TU/lmtt/m/n/10 exported_shannon/
 []




Overfull \hbox (33.95064pt too wide) has occurred while \output is active
\TU/lmr/m/n/10 70 \TU/lmr/m/sl/10 CHAPTER 4.  MODULE 3: MICROBIOME STATISTICS AND VISUALIZATIONS
 []

[70]


Overfull \hbox (50.86455pt too wide) has occurred while \output is active
\TU/lmr/m/sl/10 4.7.  5. IDENTIFYING DIFFERENTIALLY ABUNDANT FEATURES WITH ANCOM \TU/lmr/m/n/10 71
 []

[71]


Overfull \hbox (33.95064pt too wide) has occurred while \output is active
\TU/lmr/m/n/10 72 \TU/lmr/m/sl/10 CHAPTER 4.  MODULE 3: MICROBIOME STATISTICS AND VISUALIZATIONS
 []

[72]


Overfull \hbox (23.19344pt too wide) has occurred while \output is active
\TU/lmr/m/sl/10 4.8.  6. IDENTIFYING SHARED FEATURES ACROSS GROUPS OF SAMPLES \TU/lmr/m/n/10 73
 []

[73]
Overfull \hbox (71.81001pt too wide) in paragraph at lines 2088--2089
[]\TU/lmr/m/n/10 Your sequences will be saved as \TU/lmtt/m/n/10 dna-sequences.fasta \TU/lmr/m/n/10 inside the \TU/lmtt/m/n/10 deblur_output_16S_exported
 []




Overfull \hbox (33.95064pt too wide) has occurred while \output is active
\TU/lmr/m/n/10 74 \TU/lmr/m/sl/10 CHAPTER 4.  MODULE 3: MICROBIOME STATISTICS AND VISUALIZATIONS
 []

[74]

[75]


Overfull \hbox (33.95064pt too wide) has occurred while \output is active
\TU/lmr/m/n/10 76 \TU/lmr/m/sl/10 CHAPTER 4.  MODULE 3: MICROBIOME STATISTICS AND VISUALIZATIONS
 []

[76]
Underfull \hbox (badness 1112) in paragraph at lines 2224--2225
\TU/lmr/m/n/10 Repeat the same commands shown above, but make sure you use the
 []



[77]


Overfull \hbox (33.95064pt too wide) has occurred while \output is active
\TU/lmr/m/n/10 78 \TU/lmr/m/sl/10 CHAPTER 4.  MODULE 3: MICROBIOME STATISTICS AND VISUALIZATIONS
 []

[78]

[79

]

[80]
Chapter 5.


[81

]


Overfull \hbox (97.41454pt too wide) has occurred while \output is active
\TU/lmr/m/n/10 82 \TU/lmr/m/sl/10 CHAPTER 5.  MODULE 4 LAB: FUNCTIONAL PREDICTION AND ADDITIONAL ANALYSES
 []

[82]
LaTeX Font Info:    Font shape `TU/lmtt/bx/n' in size <12> not available
(Font)              Font shape `TU/lmtt/b/n' tried instead on input line 2295.


[83]

LaTeX Warning: Hyper reference `41-Differential-abundance-analysis-using-MaAsLin3-and-ALDEx2' on page 84 undefined on input line 2311.


LaTeX Warning: Hyper reference `42-Functional-prediction-with-PICRUSt2' on page 84 undefined on input line 2312.


LaTeX Warning: Hyper reference `43-Constructing-and-visualising-a-co-occurrence-network' on page 84 undefined on input line 2313.




Overfull \hbox (97.41454pt too wide) has occurred while \output is active
\TU/lmr/m/n/10 84 \TU/lmr/m/sl/10 CHAPTER 5.  MODULE 4 LAB: FUNCTIONAL PREDICTION AND ADDITIONAL ANALYSES
 []

[84]
Overfull \hbox (101.25pt too wide) in paragraph at lines 2332--2332
[]\TU/lmtt/m/n/10 ln -s ~/CourseData/MIC_data/bmb_module3/output/16S_analysis/deblur_output_exported/ .[] 
 []


Overfull \hbox (117.0pt too wide) in paragraph at lines 2332--2332
[]\TU/lmtt/m/n/10 ln -s ~/CourseData/MIC_data/bmb_module2/output/16S_analysis/Blueberry_16S_metadata.tsv .[] 
 []


Overfull \hbox (101.25pt too wide) in paragraph at lines 2342--2342
[]\TU/lmtt/m/n/10 ln -s ~/CourseData/MIC_data/bmb_module3/output/18S_analysis/deblur_output_exported/ .[] 
 []


Overfull \hbox (132.75pt too wide) in paragraph at lines 2342--2342
[]\TU/lmtt/m/n/10 ln -s ~/CourseData/MIC_data/bmb_module2/output/18S_analysis/Plastisphere_18S_metadata.tsv .[] 
 []


Overfull \hbox (101.25pt too wide) in paragraph at lines 2352--2352
[]\TU/lmtt/m/n/10 ln -s ~/CourseData/MIC_data/bmb_module3/output/ITS_analysis/deblur_output_exported/ .[] 
 []


Overfull \hbox (117.0pt too wide) in paragraph at lines 2352--2352
[]\TU/lmtt/m/n/10 ln -s ~/CourseData/MIC_data/bmb_module2/output/ITS_analysis/pregnancy_ITS_metadata.tsv .[] 
 []



[85]


Overfull \hbox (97.41454pt too wide) has occurred while \output is active
\TU/lmr/m/n/10 86 \TU/lmr/m/sl/10 CHAPTER 5.  MODULE 4 LAB: FUNCTIONAL PREDICTION AND ADDITIONAL ANALYSES
 []

[86]
Overfull \hbox (295.5pt too wide) in paragraph at lines 2420--2420
[]\TU/lmtt/m/n/10 asv_table <- read.csv(paste(folder, "deblur_output_exported/feature-table_w_tax.txt", sep=""), sep='\t', skip=1, header=T)[] 
 []



[87]
Overfull \hbox (1277.25pt too wide) in paragraph at lines 2437--2437
[]\TU/lmtt/m/n/10 asv_table_num = data.matrix(asv_table[,2:11]) #convert the ASV table to a numeric matrix. Note that if you didn't use 16S, you might need to change this "11" to make sure that you don't cut off any samples. It should be the number of samples + 1. Have a look at the asv_table object in the upper right corner![] 
 []


Overfull \hbox (1.5pt too wide) in paragraph at lines 2437--2437
[]\TU/lmtt/m/n/10 rownames(asv_table_num) = asv_table[,1] #give the matrix row names[] 
 []


Overfull \hbox (6.75pt too wide) in paragraph at lines 2449--2449
[]\TU/lmtt/m/n/10 colnames(asv_table_num) = gsub("B.", "B-", colnames(asv_table_num))[] 
 []




Overfull \hbox (97.41454pt too wide) has occurred while \output is active
\TU/lmr/m/n/10 88 \TU/lmr/m/sl/10 CHAPTER 5.  MODULE 4 LAB: FUNCTIONAL PREDICTION AND ADDITIONAL ANALYSES
 []

[88]
Overfull \hbox (1266.75pt too wide) in paragraph at lines 2467--2467
[]\TU/lmtt/m/n/10 taxonomy_split <- separate(data = taxonomy, col = taxonomy, into = c("Domain", "Phylum", "Class", "Order", "Family", "Genus", "Species"), sep = "\\; ") #separate the taxonomy table so each phylogenetic level is its own column. Note that if you are using 18S then you might need to separate this differently![] 
 []


Overfull \hbox (90.75pt too wide) in paragraph at lines 2482--2482
[]\TU/lmtt/m/n/10 metadata <- read.csv(paste(folder, "Blueberry_16S_metadata.tsv", sep=""), sep='\t')[] 
 []


Overfull \hbox (972.75pt too wide) in paragraph at lines 2482--2482
[]\TU/lmtt/m/n/10 samples = data.frame(metadata[,2], stringsAsFactors = FALSE) #convert this to a data frame - again, if you didn't use the 16S data, you have some extra variables here that you will need to include, rather than only column 2, you may need another, too.[] 
 []


Overfull \hbox (6.75pt too wide) in paragraph at lines 2482--2482
[]\TU/lmtt/m/n/10 rownames(samples) = metadata[,1] #add the sample names as row names[] 
 []


Overfull \hbox (353.25pt too wide) in paragraph at lines 2482--2482
[]\TU/lmtt/m/n/10 colnames(samples) = c('treatment') #and add a column name that makes sense. If you have extra variables, you'll need to add them here[] 
 []


Overfull \hbox (132.75pt too wide) in paragraph at lines 2495--2495
[]\TU/lmtt/m/n/10 ASV = otu_table(asv_table_num, taxa_are_rows = TRUE) #convert asv_table_num to an otu_table[] 
 []


Overfull \hbox (22.5pt too wide) in paragraph at lines 2495--2495
[]\TU/lmtt/m/n/10 TAX = tax_table(taxonomy_split) #convert taxonomy_split to a tax_table[] 
 []


Overfull \hbox (48.75pt too wide) in paragraph at lines 2495--2495
[]\TU/lmtt/m/n/10 taxa_names(TAX) <- rownames(taxonomy_split) #add names to TAX/the tax_table[] 
 []



[89]
Overfull \hbox (75.0pt too wide) in paragraph at lines 2495--2495
[]\TU/lmtt/m/n/10 physeq = phyloseq(ASV, TAX, SAMPLE) #combine these all to make a phyloseq object[] 
 []


Overfull \hbox (542.25pt too wide) in paragraph at lines 2513--2513
[]\TU/lmtt/m/n/10 all_tax = paste(tax_table(physeq_genus)[,2], tax_table(physeq_genus)[,3], tax_table(physeq_genus)[,4], tax_table(physeq_genus)[,5], tax_table(physeq_genus)[,6], sep=';')[] 
 []




Overfull \hbox (97.41454pt too wide) has occurred while \output is active
\TU/lmr/m/n/10 90 \TU/lmr/m/sl/10 CHAPTER 5.  MODULE 4 LAB: FUNCTIONAL PREDICTION AND ADDITIONAL ANALYSES
 []

[90]
Overfull \hbox (390.0pt too wide) in paragraph at lines 2528--2528
[]\TU/lmtt/m/n/10 physeq_rare = rarefy_even_depth(physeq_genus, sample.size = min(sample_sums(physeq_genus)), replace = TRUE, trimOTUs = TRUE, verbose = TRUE)[] 
 []


Overfull \hbox (174.75pt too wide) in paragraph at lines 2540--2540
[]\TU/lmtt/m/n/10 feat_table = data.frame(t(otu_table(physeq_rare)), check.rows=T, check.names=T, stringsAsFactors=T)[] 
 []


Overfull \hbox (17.25pt too wide) in paragraph at lines 2540--2540
[]\TU/lmtt/m/n/10 metadata = data.frame(sample_data(physeq_rare), stringsAsFactors = F)[] 
 []


Overfull \hbox (38.25pt too wide) in paragraph at lines 2561--2561
[]                    \TU/lmtt/m/n/10 output = paste(folder, 'maaslin3_treatment', sep=""),[] 
 []



[91]
Overfull \hbox (274.5pt too wide) in paragraph at lines 2582--2582
[]\TU/lmtt/m/n/10 x <- aldex.clr(otu_table(physeq_genus), sample_data(physeq_genus)$treatment, mc.samples = 128, verbose=F, denom="all")[] 
 []




Overfull \hbox (97.41454pt too wide) has occurred while \output is active
\TU/lmr/m/n/10 92 \TU/lmr/m/sl/10 CHAPTER 5.  MODULE 4 LAB: FUNCTIONAL PREDICTION AND ADDITIONAL ANALYSES
 []

[92]
Overfull \hbox (164.25pt too wide) in paragraph at lines 2608--2608
[]\TU/lmtt/m/n/10 maaslin = read.csv(paste(folder, "maaslin3_treatment/significant_results.tsv", sep=""), sep="\t")[] 
 []


Overfull \hbox (458.25pt too wide) in paragraph at lines 2608--2608
[]\TU/lmtt/m/n/10 maaslin$feature = gsub("\\g__Palsa.187", "g__Palsa-187", maaslin$feature) #replace anything matching g__Palsa.187 in the feature column with g__Palsa-187[] 
 []


Overfull \hbox (90.75pt too wide) in paragraph at lines 2608--2608
[]\TU/lmtt/m/n/10 maaslin$feature = gsub("\\.", ";", maaslin$feature) #replace any remaining . with ;[] 
 []




Overfull \hbox (164.23123pt too wide) has occurred while \output is active
\TU/lmr/m/sl/10 5.7.  4.1.5 COMBINE AND PLOT DIFFERENTIAL ABUNDANCE RESULTS FROM MAASLIN3 AND ALDEX2 \TU/lmr/m/n/10 93
 []

[93]
Overfull \hbox (106.5pt too wide) in paragraph at lines 2641--2641
[]\TU/lmtt/m/n/10 physeq_relabun  = transform_sample_counts(physeq_genus, function(x) (x / sum(x))*100 )[] 
 []


Overfull \hbox (846.75pt too wide) in paragraph at lines 2655--2655
[]\TU/lmtt/m/n/10 microbiome::boxplot_abundance(physeq_relabun, x='treatment', y=single_taxon, line = NULL, violin = FALSE, na.rm = FALSE, show.points = TRUE) + ggtitle(str_replace(single_taxon, ';f__', '\nf__')) + ylab('Relative abundance (%)')[] 
 []




Overfull \hbox (97.41454pt too wide) has occurred while \output is active
\TU/lmr/m/n/10 94 \TU/lmr/m/sl/10 CHAPTER 5.  MODULE 4 LAB: FUNCTIONAL PREDICTION AND ADDITIONAL ANALYSES
 []

[94]
Overfull \hbox (537.0pt too wide) in paragraph at lines 2673--2673
[]  \TU/lmtt/m/n/10 print(microbiome::boxplot_abundance(physeq_relabun, x='treatment', y=overlap[i]) + ggtitle(str_replace(overlap[i], ';f__', '\nf__')) + ylab('Relative abundance (%)'))[] 
 []




Overfull \hbox (164.23123pt too wide) has occurred while \output is active
\TU/lmr/m/sl/10 5.7.  4.1.5 COMBINE AND PLOT DIFFERENTIAL ABUNDANCE RESULTS FROM MAASLIN3 AND ALDEX2 \TU/lmr/m/n/10 95
 []

[95]
Overfull \hbox (54.0pt too wide) in paragraph at lines 2724--2724
[]\TU/lmtt/m/n/10 ln -s ~/CourseData/MIC_data/bmb_module2/output/16S_analysis/deblur_output/ .[] 
 []


Overfull \hbox (6.75pt too wide) in paragraph at lines 2724--2724
[]\TU/lmtt/m/n/10 ln -s ~/CourseData/MIC_data/bmb_module2/output/16S_analysis/taxa/ .[] 
 []


Overfull \hbox (117.0pt too wide) in paragraph at lines 2724--2724
[]\TU/lmtt/m/n/10 ln -s ~/CourseData/MIC_data/bmb_module2/output/16S_analysis/Blueberry_16S_metadata.tsv .[] 
 []




Overfull \hbox (97.41454pt too wide) has occurred while \output is active
\TU/lmr/m/n/10 96 \TU/lmr/m/sl/10 CHAPTER 5.  MODULE 4 LAB: FUNCTIONAL PREDICTION AND ADDITIONAL ANALYSES
 []

[96]
Underfull \hbox (badness 1325) in paragraph at lines 2772--2773
[]\TU/lmr/m/n/10 This will be exported as a .fasta file, which you can look at in the
 []



[97]
Overfull \hbox (552.75pt too wide) in paragraph at lines 2820--2820
[]\TU/lmtt/m/n/10 picrust2_pipeline.py -s exports_filtered/dna-sequences.fasta -i exports_filtered/feature-table.biom -o picrust2_out_pipeline_filtered -p 4 -t sepp --in_traits EC --verbose[] 
 []




Overfull \hbox (97.41454pt too wide) has occurred while \output is active
\TU/lmr/m/n/10 98 \TU/lmr/m/sl/10 CHAPTER 5.  MODULE 4 LAB: FUNCTIONAL PREDICTION AND ADDITIONAL ANALYSES
 []

[98]

[99]
Overfull \hbox (309.24202pt too wide) in paragraph at lines 2849--2850
[]\TU/lmr/m/n/10 Finally, the files that we are likely most interested in are \TU/lmtt/m/n/10 picrust2_out_pipeline_filtered/EC_metagenome_out/pred_metagenome_unstrat.tsv.gz
 []


Overfull \hbox (33.12pt too wide) in paragraph at lines 2849--2850
\TU/lmr/m/n/10 and \TU/lmtt/m/n/10 picrust2_out_pipeline_filtered/pathways_out/path_abun_unstrat.tsv.gz\TU/lmr/m/n/10 . 
 []


Overfull \hbox (395.25pt too wide) in paragraph at lines 2864--2864
[]\TU/lmtt/m/n/10 pwy_table <- read.csv(paste(folder, "picrust2_out_pipeline_filtered/pathways_out/path_abun_unstrat.tsv", sep=""), sep='\t', skip=1, header=T)[] 
 []


Overfull \hbox (144.74501pt too wide) in paragraph at lines 2866--2867
[]\TU/lmr/bx/n/10 Hint\TU/lmr/m/n/10 : You’ll need to unzip the \TU/lmtt/m/n/10 picrust2_out_pipeline_filtered/pathways_out/path_abun_unstrat.tsv.gz
 []


Underfull \hbox (badness 1019) in paragraph at lines 2868--2869
[]\TU/lmr/m/n/10 Take a look at pwy_table. Does that look right? Compare it with
 []


Overfull \hbox (395.25pt too wide) in paragraph at lines 2876--2876
[]\TU/lmtt/m/n/10 pwy_table <- read.csv(paste(folder, "picrust2_out_pipeline_filtered/pathways_out/path_abun_unstrat.tsv", sep=""), sep='\t', skip=1, header=T)[] 
 []




Overfull \hbox (102.41454pt too wide) has occurred while \output is active
\TU/lmr/m/n/10 100 \TU/lmr/m/sl/10 CHAPTER 5.  MODULE 4 LAB: FUNCTIONAL PREDICTION AND ADDITIONAL ANALYSES
 []

[100]
Overfull \hbox (117.0pt too wide) in paragraph at lines 2883--2883
[]\TU/lmtt/m/n/10 pwy_table_num = data.matrix(pwy_table[,2:11]) #convert the ASV table to a numeric matrix[] 
 []


Overfull \hbox (1.5pt too wide) in paragraph at lines 2883--2883
[]\TU/lmtt/m/n/10 rownames(pwy_table_num) = pwy_table[,1] #give the matrix row names[] 
 []


Overfull \hbox (6.75pt too wide) in paragraph at lines 2889--2889
[]\TU/lmtt/m/n/10 colnames(pwy_table_num) = gsub("B.", "B-", colnames(pwy_table_num))[] 
 []


Overfull \hbox (90.75pt too wide) in paragraph at lines 2898--2898
[]\TU/lmtt/m/n/10 metadata <- read.csv(paste(folder, "Blueberry_16S_metadata.tsv", sep=""), sep='\t')[] 
 []


Overfull \hbox (127.5pt too wide) in paragraph at lines 2898--2898
[]\TU/lmtt/m/n/10 samples = data.frame(metadata[,2], stringsAsFactors = FALSE) #convert this to a data frame[] 
 []


Overfull \hbox (6.75pt too wide) in paragraph at lines 2898--2898
[]\TU/lmtt/m/n/10 rownames(samples) = metadata[,1] #add the sample names as row names[] 
 []


Overfull \hbox (43.5pt too wide) in paragraph at lines 2898--2898
[]\TU/lmtt/m/n/10 colnames(samples) = c('treatment') #and add a column name that makes sense[] 
 []


Overfull \hbox (132.75pt too wide) in paragraph at lines 2907--2907
[]\TU/lmtt/m/n/10 PWY = otu_table(pwy_table_num, taxa_are_rows = TRUE) #convert asv_table_num to an otu_table[] 
 []


Overfull \hbox (69.75pt too wide) in paragraph at lines 2907--2907
[]\TU/lmtt/m/n/10 physeq_pwy = phyloseq(PWY, SAMPLE) #combine these all to make a phyloseq object[] 
 []


Overfull \hbox (6.75pt too wide) in paragraph at lines 2907--2907
[]\TU/lmtt/m/n/10 physeq_pwy #print this out to see what a phyloseq object looks like[] 
 []


Overfull \hbox (111.75pt too wide) in paragraph at lines 2921--2921
[]\TU/lmtt/m/n/10 physeq_pwy_relabun = transform_sample_counts(physeq_pwy, function(x) (x / sum(x))*100 )[] 
 []


Overfull \hbox (174.75pt too wide) in paragraph at lines 2921--2921
[]\TU/lmtt/m/n/10 top_100_abun <- names(sort(taxa_sums(physeq_pwy_relabun), TRUE)[1:100]) #get most abundant pathways[] 
 []


Overfull \hbox (279.75pt too wide) in paragraph at lines 2921--2921
[]\TU/lmtt/m/n/10 physeq_pwy_top_100 = prune_taxa(top_100_abun, physeq_pwy) #now filter the table to have only the most abundant pathways[] 
 []


Overfull \hbox (342.75pt too wide) in paragraph at lines 2921--2921
[]\TU/lmtt/m/n/10 otu_table(physeq_pwy_top_100) = round(otu_table(physeq_pwy_top_100)) #round the abundance table so that everything is whole numbers[] 
 []


Overfull \hbox (64.5pt too wide) in paragraph at lines 2921--2921
[]\TU/lmtt/m/n/10 mode(pwy_table_num) = "integer" #convert the table to integers (whole numbers)[] 
 []


Overfull \hbox (75.0pt too wide) in paragraph at lines 2921--2921
[]\TU/lmtt/m/n/10 physeq_pwy_int = phyloseq(PWY_int, SAMPLE) #make a new phyloseq object with this[] 
 []


Overfull \hbox (216.75pt too wide) in paragraph at lines 2931--2931
[]\TU/lmtt/m/n/10 plot_richness(physeq_pwy_int, x="treatment", measures=c("Observed", "Simpson", "Shannon")) + geom_boxplot()[] 
 []



[101]
Overfull \hbox (1083.0pt too wide) in paragraph at lines 2940--2940
[]\TU/lmtt/m/n/10 plot_ordination(physeq_pwy_relabun, ps.ord, type="samples", color="treatment", shape="treatment") + geom_point(size=10, alpha=0.1) + geom_point(size=5) + stat_ellipse(type = "t", linetype = 2) + theme(text = element_text(size = 20)) +  ggtitle("Bray-Curtis dissimilarity")[] 
 []


Overfull \hbox (390.0pt too wide) in paragraph at lines 2965--2965
[]\TU/lmtt/m/n/10 physeq_rare_pwy = rarefy_even_depth(physeq_pwy, sample.size = min(sample_sums(physeq_pwy)), replace = TRUE, trimOTUs = TRUE, verbose = TRUE)[] 
 []


Overfull \hbox (6.75pt too wide) in paragraph at lines 2965--2965
[]\TU/lmtt/m/n/10 physeq_rare_pwy_top_100 = prune_taxa(top_100_abun, physeq_rare_pwy)[] 
 []




Overfull \hbox (102.41454pt too wide) has occurred while \output is active
\TU/lmr/m/n/10 102 \TU/lmr/m/sl/10 CHAPTER 5.  MODULE 4 LAB: FUNCTIONAL PREDICTION AND ADDITIONAL ANALYSES
 []

[102]
Overfull \hbox (195.75pt too wide) in paragraph at lines 2972--2972
[]\TU/lmtt/m/n/10 feat_table = data.frame(t(otu_table(physeq_rare_pwy)), check.rows=T, check.names=T, stringsAsFactors=T)[] 
 []


Overfull \hbox (38.25pt too wide) in paragraph at lines 2972--2972
[]\TU/lmtt/m/n/10 metadata = data.frame(sample_data(physeq_rare_pwy), stringsAsFactors = F)[] 
 []


Overfull \hbox (80.25pt too wide) in paragraph at lines 2991--2991
[]                    \TU/lmtt/m/n/10 output = paste(folder, 'maaslin3_pathway_treatment', sep=""),[] 
 []


Overfull \hbox (337.5pt too wide) in paragraph at lines 2999--2999
[]\TU/lmtt/m/n/10 x <- aldex.clr(otu_table(physeq_pwy_top_100), sample_data(physeq_pwy_top_100)$treatment, mc.samples = 128, verbose=F, denom="all")[] 
 []


Overfull \hbox (206.25pt too wide) in paragraph at lines 3008--3008
[]\TU/lmtt/m/n/10 maaslin = read.csv(paste(folder, "maaslin3_pathway_treatment/significant_results.tsv", sep=""), sep="\t")[] 
 []


Overfull \hbox (148.5pt too wide) in paragraph at lines 3008--3008
[]\TU/lmtt/m/n/10 maaslin$feature = gsub("\\.", "-", maaslin$feature) #replace any . in the pathway names with -[] 
 []


Underfull \hbox (badness 1314) in paragraph at lines 3010--3011
\TU/lmr/m/n/10 MaAsLin3 does carry out differential abundance testing based on both
 []



[103]
Overfull \hbox (731.25pt too wide) in paragraph at lines 3041--3041
[]\TU/lmtt/m/n/10 microbiome::boxplot_abundance(physeq_pwy_relabun, x='treatment', y=single_pathway, line = NULL, violin = FALSE, na.rm = FALSE, show.points = TRUE) + ggtitle(single_pathway) + ylab('Relative abundance (%)')[] 
 []


Overfull \hbox (411.0pt too wide) in paragraph at lines 3051--3051
[]  \TU/lmtt/m/n/10 print(microbiome::boxplot_abundance(physeq_pwy_relabun, x='treatment', y=pathways[i]) + ggtitle(pathways[i]) + ylab('Relative abundance (%)'))[] 
 []


Underfull \hbox (badness 3019) in paragraph at lines 3055--3055
[]\TU/lmr/bx/n/14.4 4.3 Constructing and visualising a co-
 []




Overfull \hbox (102.41454pt too wide) has occurred while \output is active
\TU/lmr/m/n/10 104 \TU/lmr/m/sl/10 CHAPTER 5.  MODULE 4 LAB: FUNCTIONAL PREDICTION AND ADDITIONAL ANALYSES
 []

[104]
Overfull \hbox (101.25pt too wide) in paragraph at lines 3077--3077
[]\TU/lmtt/m/n/10 ln -s ~/CourseData/MIC_data/bmb_module3/output/16S_analysis/deblur_output_exported/ .[] 
 []


Overfull \hbox (117.0pt too wide) in paragraph at lines 3077--3077
[]\TU/lmtt/m/n/10 ln -s ~/CourseData/MIC_data/bmb_module2/output/16S_analysis/Blueberry_16S_metadata.tsv .[] 
 []




Overfull \hbox (42.95453pt too wide) has occurred while \output is active
\TU/lmr/m/sl/10 5.9.  4.3 CONSTRUCTING AND VISUALISING A CO-OCCURRENCE NETWORK \TU/lmr/m/n/10 105
 []

[105]


Overfull \hbox (102.41454pt too wide) has occurred while \output is active
\TU/lmr/m/n/10 106 \TU/lmr/m/sl/10 CHAPTER 5.  MODULE 4 LAB: FUNCTIONAL PREDICTION AND ADDITIONAL ANALYSES
 []

[106]
Overfull \hbox (295.5pt too wide) in paragraph at lines 3122--3122
[]\TU/lmtt/m/n/10 asv_table <- read.csv(paste(folder, "deblur_output_exported/feature-table_w_tax.txt", sep=""), sep='\t', skip=1, header=T)[] 
 []


Overfull \hbox (1277.25pt too wide) in paragraph at lines 3137--3137
[]\TU/lmtt/m/n/10 asv_table_num = data.matrix(asv_table[,2:11]) #convert the ASV table to a numeric matrix. Note that if you didn't use 16S, you might need to change this "11" to make sure that you don't cut off any samples. It should be the number of samples + 1. Have a look at the asv_table object in the upper right corner![] 
 []


Overfull \hbox (1.5pt too wide) in paragraph at lines 3137--3137
[]\TU/lmtt/m/n/10 rownames(asv_table_num) = asv_table[,1] #give the matrix row names[] 
 []




Overfull \hbox (42.95453pt too wide) has occurred while \output is active
\TU/lmr/m/sl/10 5.9.  4.3 CONSTRUCTING AND VISUALISING A CO-OCCURRENCE NETWORK \TU/lmr/m/n/10 107
 []

[107]
Overfull \hbox (6.75pt too wide) in paragraph at lines 3147--3147
[]\TU/lmtt/m/n/10 colnames(asv_table_num) = gsub("B.", "B-", colnames(asv_table_num))[] 
 []


Overfull \hbox (1266.75pt too wide) in paragraph at lines 3165--3165
[]\TU/lmtt/m/n/10 taxonomy_split <- separate(data = taxonomy, col = taxonomy, into = c("Domain", "Phylum", "Class", "Order", "Family", "Genus", "Species"), sep = "\\; ") #separate the taxonomy table so each phylogenetic level is its own column. Note that if you are using 18S then you might need to separate this differently![] 
 []




Overfull \hbox (102.41454pt too wide) has occurred while \output is active
\TU/lmr/m/n/10 108 \TU/lmr/m/sl/10 CHAPTER 5.  MODULE 4 LAB: FUNCTIONAL PREDICTION AND ADDITIONAL ANALYSES
 []

[108]
Overfull \hbox (90.75pt too wide) in paragraph at lines 3180--3180
[]\TU/lmtt/m/n/10 metadata <- read.csv(paste(folder, "Blueberry_16S_metadata.tsv", sep=""), sep='\t')[] 
 []


Overfull \hbox (972.75pt too wide) in paragraph at lines 3180--3180
[]\TU/lmtt/m/n/10 samples = data.frame(metadata[,2], stringsAsFactors = FALSE) #convert this to a data frame - again, if you didn't use the 16S data, you have some extra variables here that you will need to include, rather than only column 2, you may need another, too.[] 
 []


Overfull \hbox (6.75pt too wide) in paragraph at lines 3180--3180
[]\TU/lmtt/m/n/10 rownames(samples) = metadata[,1] #add the sample names as row names[] 
 []


Overfull \hbox (353.25pt too wide) in paragraph at lines 3180--3180
[]\TU/lmtt/m/n/10 colnames(samples) = c('treatment') #and add a column name that makes sense. If you have extra variables, you'll need to add them here[] 
 []


Overfull \hbox (132.75pt too wide) in paragraph at lines 3193--3193
[]\TU/lmtt/m/n/10 ASV = otu_table(asv_table_num, taxa_are_rows = TRUE) #convert asv_table_num to an otu_table[] 
 []


Overfull \hbox (22.5pt too wide) in paragraph at lines 3193--3193
[]\TU/lmtt/m/n/10 TAX = tax_table(taxonomy_split) #convert taxonomy_split to a tax_table[] 
 []


Overfull \hbox (48.75pt too wide) in paragraph at lines 3193--3193
[]\TU/lmtt/m/n/10 taxa_names(TAX) <- rownames(taxonomy_split) #add names to TAX/the tax_table[] 
 []


Overfull \hbox (75.0pt too wide) in paragraph at lines 3193--3193
[]\TU/lmtt/m/n/10 physeq = phyloseq(ASV, TAX, SAMPLE) #combine these all to make a phyloseq object[] 
 []


Overfull \hbox (542.25pt too wide) in paragraph at lines 3211--3211
[]\TU/lmtt/m/n/10 all_tax = paste(tax_table(physeq_genus)[,2], tax_table(physeq_genus)[,3], tax_table(physeq_genus)[,4], tax_table(physeq_genus)[,5], tax_table(physeq_genus)[,6], sep=';')[] 
 []




Overfull \hbox (42.95453pt too wide) has occurred while \output is active
\TU/lmr/m/sl/10 5.9.  4.3 CONSTRUCTING AND VISUALISING A CO-OCCURRENCE NETWORK \TU/lmr/m/n/10 109
 []

[109]
Overfull \hbox (216.75pt too wide) in paragraph at lines 3231--3231
[]\TU/lmtt/m/n/10 indval_res <- multipatt(otu_mat, group_vector, func = "IndVal.g", duleg = TRUE, control = how(nperm = 999))[] 
 []


Overfull \hbox (143.25pt too wide) in paragraph at lines 3250--3250
[]\TU/lmtt/m/n/10 asv_indicator_group <- apply(sig_hits[sig_asvs, c("s.Forest", "s.Managed")], 1, function(x) {[] 
 []


Overfull \hbox (6.75pt too wide) in paragraph at lines 3250--3250
[]    \TU/lmtt/m/n/10 if (x["s.Forest"] == 1 && x["s.Managed"] == 0) return("Forest")[] 
 []


Overfull \hbox (12.0pt too wide) in paragraph at lines 3250--3250
[]    \TU/lmtt/m/n/10 if (x["s.Forest"] == 0 && x["s.Managed"] == 1) return("Managed")[] 
 []




Overfull \hbox (102.41454pt too wide) has occurred while \output is active
\TU/lmr/m/n/10 110 \TU/lmr/m/sl/10 CHAPTER 5.  MODULE 4 LAB: FUNCTIONAL PREDICTION AND ADDITIONAL ANALYSES
 []

[110]
Overfull \hbox (43.5pt too wide) in paragraph at lines 3269--3269
[]\TU/lmtt/m/n/10 prev_df <- apply(otu_table(physeq), 1, function(x) sum(x > 0) / length(x))[] 
 []


Overfull \hbox (6.75pt too wide) in paragraph at lines 3269--3269
[]\TU/lmtt/m/n/10 rel_abun <- transform_sample_counts(physeq, function(x) x / sum(x))[] 
 []


Overfull \hbox (12.0pt too wide) in paragraph at lines 3277--3277
[]\TU/lmtt/m/n/10 cat("Remaining taxa after filtering:", ntaxa(physeq_filtered), "\n")[] 
 []


Overfull \hbox (27.75pt too wide) in paragraph at lines 3294--3294
[]                        \TU/lmtt/m/n/10 pulsar.params = list(rep.num = 50, ncores = 3))[] 
 []




Overfull \hbox (42.95453pt too wide) has occurred while \output is active
\TU/lmr/m/sl/10 5.9.  4.3 CONSTRUCTING AND VISUALISING A CO-OCCURRENCE NETWORK \TU/lmr/m/n/10 111
 []

[111]
Overfull \hbox (101.25pt too wide) in paragraph at lines 3310--3310
[]\TU/lmtt/m/n/10 correct_taxa_names <- taxa_names(physeq_filtered)[as.integer(igraph::V(ig2.mb)$name)][] 
 []


Overfull \hbox (17.25pt too wide) in paragraph at lines 3310--3310
[]\TU/lmtt/m/n/10 # Add indicator status as a tax_table column (NA if not an indicator)[] 
 []


Overfull \hbox (90.75pt too wide) in paragraph at lines 3310--3310
[]\TU/lmtt/m/n/10 tax_table(physeq_net) <- cbind(tax_table(physeq_net), Indicator = indicator_status)[] 
 []


Overfull \hbox (43.5pt too wide) in paragraph at lines 3349--3349
[]\TU/lmtt/m/n/10 pdf(paste(folder, "network_indicator.pdf", sep=""), width = 7, height = 6)[] 
 []


Overfull \hbox (54.0pt too wide) in paragraph at lines 3349--3349
[]\TU/lmtt/m/n/10 indicator_vals <- tax_table(physeq_net)[igraph::V(ig2.mb)$name, "Indicator"][] 
 []




Overfull \hbox (102.41454pt too wide) has occurred while \output is active
\TU/lmr/m/n/10 112 \TU/lmr/m/sl/10 CHAPTER 5.  MODULE 4 LAB: FUNCTIONAL PREDICTION AND ADDITIONAL ANALYSES
 []

[112]
Overfull \hbox (43.5pt too wide) in paragraph at lines 3349--3349
[]\TU/lmtt/m/n/10 legend("topright", inset = c(-0.35, 0), legend = levels(indicator_factor),[] 
 []


Overfull \hbox (75.0pt too wide) in paragraph at lines 3349--3349
[]       \TU/lmtt/m/n/10 col = colors_ind, pch = 19, pt.cex = 1.5, bty = "n", title = "Indicator")[] 
 []


Overfull \hbox (12.0pt too wide) in paragraph at lines 3377--3377
[]\TU/lmtt/m/n/10 pdf(paste(folder, "network_ta3.pdf", sep=""), width = 9, height = 6)[] 
 []


Overfull \hbox (12.0pt too wide) in paragraph at lines 3377--3377
[]\TU/lmtt/m/n/10 legend("topright", inset = c(-0.18, 0), legend = levels(ta3_factor),[] 
 []


Overfull \hbox (43.5pt too wide) in paragraph at lines 3377--3377
[]       \TU/lmtt/m/n/10 col = colors_ta3, pch = 19, pt.cex = 1.5, bty = "n", title = "ta3")[] 
 []


Overfull \hbox (27.75pt too wide) in paragraph at lines 3412--3412
[]\TU/lmtt/m/n/10 pdf(paste(folder, "network_panel.pdf", sep=""), width = 18, height = 6)[] 
 []




Overfull \hbox (42.95453pt too wide) has occurred while \output is active
\TU/lmr/m/sl/10 5.9.  4.3 CONSTRUCTING AND VISUALISING A CO-OCCURRENCE NETWORK \TU/lmr/m/n/10 113
 []

[113]
Overfull \hbox (43.5pt too wide) in paragraph at lines 3412--3412
[]\TU/lmtt/m/n/10 legend("topright", inset = c(-0.05, 0), legend = levels(indicator_factor),[] 
 []


Overfull \hbox (75.0pt too wide) in paragraph at lines 3412--3412
[]       \TU/lmtt/m/n/10 col = colors_ind, pch = 19, pt.cex = 1.2, bty = "n", title = "Indicator")[] 
 []


Overfull \hbox (12.0pt too wide) in paragraph at lines 3412--3412
[]\TU/lmtt/m/n/10 legend("topright", inset = c(-0.18, 0), legend = levels(ta3_factor),[] 
 []


Overfull \hbox (43.5pt too wide) in paragraph at lines 3412--3412
[]       \TU/lmtt/m/n/10 col = colors_ta3, pch = 19, pt.cex = 1.2, bty = "n", title = "ta3")[] 
 []




Overfull \hbox (102.41454pt too wide) has occurred while \output is active
\TU/lmr/m/n/10 114 \TU/lmr/m/sl/10 CHAPTER 5.  MODULE 4 LAB: FUNCTIONAL PREDICTION AND ADDITIONAL ANALYSES
 []

[114]
Overfull \hbox (64.5pt too wide) in paragraph at lines 3451--3451
[]\TU/lmtt/m/n/10 pdf(paste(folder, "network_panel_degree.pdf", sep=""), width = 18, height = 6)[] 
 []


Overfull \hbox (101.25pt too wide) in paragraph at lines 3451--3451
[]\TU/lmtt/m/n/10 scaled_degree <- scales::rescale(node_degree, to = c(3, 10))  # size between 3 and 10[] 
 []


Overfull \hbox (43.5pt too wide) in paragraph at lines 3494--3494
[]\TU/lmtt/m/n/10 legend("topright", inset = c(-0.05, 0), legend = levels(indicator_factor),[] 
 []


Overfull \hbox (75.0pt too wide) in paragraph at lines 3494--3494
[]       \TU/lmtt/m/n/10 col = colors_ind, pch = 19, pt.cex = 1.2, bty = "n", title = "Indicator")[] 
 []


Overfull \hbox (12.0pt too wide) in paragraph at lines 3494--3494
[]\TU/lmtt/m/n/10 legend("topright", inset = c(-0.18, 0), legend = levels(ta3_factor),[] 
 []


Overfull \hbox (43.5pt too wide) in paragraph at lines 3494--3494
[]       \TU/lmtt/m/n/10 col = colors_ta3, pch = 19, pt.cex = 1.2, bty = "n", title = "ta3")[] 
 []




Overfull \hbox (42.95453pt too wide) has occurred while \output is active
\TU/lmr/m/sl/10 5.9.  4.3 CONSTRUCTING AND VISUALISING A CO-OCCURRENCE NETWORK \TU/lmr/m/n/10 115
 []

[115]


Overfull \hbox (102.41454pt too wide) has occurred while \output is active
\TU/lmr/m/n/10 116 \TU/lmr/m/sl/10 CHAPTER 5.  MODULE 4 LAB: FUNCTIONAL PREDICTION AND ADDITIONAL ANALYSES
 []

[116]

[117]
Overfull \hbox (295.5pt too wide) in paragraph at lines 3563--3563
[]\TU/lmtt/m/n/10 asv_table <- read.csv(paste(folder, "deblur_output_exported/feature-table_w_tax.txt", sep=""), sep='\t', skip=1, header=T)[] 
 []


Overfull \hbox (1.5pt too wide) in paragraph at lines 3570--3570
[]\TU/lmtt/m/n/10 rownames(asv_table_num) = asv_table[,1] #give the matrix row names[] 
 []


Overfull \hbox (610.5pt too wide) in paragraph at lines 3584--3584
[]\TU/lmtt/m/n/10 taxonomy_split <- separate(data = taxonomy, col = taxonomy, into = c("Domain", "Supergroup", "Division", "Subdivision", "Class", "Order", "Family", "Genus", "Species"), sep = "\\; ")[] 
 []


Overfull \hbox (106.5pt too wide) in paragraph at lines 3592--3592
[]\TU/lmtt/m/n/10 metadata <- read.csv(paste(folder, "Plastisphere_18S_metadata.tsv", sep=""), sep='\t')[] 
 []


Overfull \hbox (6.75pt too wide) in paragraph at lines 3592--3592
[]\TU/lmtt/m/n/10 rownames(samples) = metadata[,1] #add the sample names as row names[] 
 []


Overfull \hbox (132.75pt too wide) in paragraph at lines 3603--3603
[]\TU/lmtt/m/n/10 ASV = otu_table(asv_table_num, taxa_are_rows = TRUE) #convert asv_table_num to an otu_table[] 
 []


Overfull \hbox (22.5pt too wide) in paragraph at lines 3603--3603
[]\TU/lmtt/m/n/10 TAX = tax_table(taxonomy_split) #convert taxonomy_split to a tax_table[] 
 []


Overfull \hbox (48.75pt too wide) in paragraph at lines 3603--3603
[]\TU/lmtt/m/n/10 taxa_names(TAX) <- rownames(taxonomy_split) #add names to TAX/the tax_table[] 
 []


Overfull \hbox (75.0pt too wide) in paragraph at lines 3603--3603
[]\TU/lmtt/m/n/10 physeq = phyloseq(ASV, TAX, SAMPLE) #combine these all to make a phyloseq object[] 
 []


Overfull \hbox (542.25pt too wide) in paragraph at lines 3617--3617
[]\TU/lmtt/m/n/10 all_tax = paste(tax_table(physeq_genus)[,4], tax_table(physeq_genus)[,5], tax_table(physeq_genus)[,6], tax_table(physeq_genus)[,7], tax_table(physeq_genus)[,8], sep=';')[] 
 []




Overfull \hbox (102.41454pt too wide) has occurred while \output is active
\TU/lmr/m/n/10 118 \TU/lmr/m/sl/10 CHAPTER 5.  MODULE 4 LAB: FUNCTIONAL PREDICTION AND ADDITIONAL ANALYSES
 []

[118]
Overfull \hbox (253.5pt too wide) in paragraph at lines 3625--3625
[]\TU/lmtt/m/n/10 physeq_rare = rarefy_even_depth(physeq_genus, sample.size = 1000, replace = TRUE, trimOTUs = TRUE, verbose = TRUE)[] 
 []


Overfull \hbox (174.75pt too wide) in paragraph at lines 3636--3636
[]\TU/lmtt/m/n/10 feat_table = data.frame(t(otu_table(physeq_rare)), check.rows=T, check.names=T, stringsAsFactors=T)[] 
 []


Overfull \hbox (17.25pt too wide) in paragraph at lines 3636--3636
[]\TU/lmtt/m/n/10 metadata = data.frame(sample_data(physeq_rare), stringsAsFactors = F)[] 
 []


Overfull \hbox (38.25pt too wide) in paragraph at lines 3655--3655
[]                    \TU/lmtt/m/n/10 output = paste(folder, 'maaslin3_treatment', sep=""),[] 
 []


Overfull \hbox (17.25pt too wide) in paragraph at lines 3691--3691
[]                    \TU/lmtt/m/n/10 output = paste(folder, 'maaslin3_light', sep=""),[] 
 []



[119]
Overfull \hbox (12.0pt too wide) in paragraph at lines 3691--3691
[]                    \TU/lmtt/m/n/10 output = paste(folder, 'maaslin3_time', sep=""),[] 
 []


Overfull \hbox (253.5pt too wide) in paragraph at lines 3705--3705
[]\TU/lmtt/m/n/10 x <- aldex.clr(otu_table(physeq_genus), sample_data(physeq_genus)$light, mc.samples = 128, verbose=F, denom="all")[] 
 []


Overfull \hbox (248.25pt too wide) in paragraph at lines 3705--3705
[]\TU/lmtt/m/n/10 x <- aldex.clr(otu_table(physeq_genus), sample_data(physeq_genus)$time, mc.samples = 128, verbose=F, denom="all")[] 
 []




Overfull \hbox (102.41454pt too wide) has occurred while \output is active
\TU/lmr/m/n/10 120 \TU/lmr/m/sl/10 CHAPTER 5.  MODULE 4 LAB: FUNCTIONAL PREDICTION AND ADDITIONAL ANALYSES
 []

[120]

[121]
Overfull \hbox (295.5pt too wide) in paragraph at lines 3774--3774
[]\TU/lmtt/m/n/10 asv_table <- read.csv(paste(folder, "deblur_output_exported/feature-table_w_tax.txt", sep=""), sep='\t', skip=1, header=T)[] 
 []


Overfull \hbox (1.5pt too wide) in paragraph at lines 3781--3781
[]\TU/lmtt/m/n/10 rownames(asv_table_num) = asv_table[,1] #give the matrix row names[] 
 []


Overfull \hbox (526.5pt too wide) in paragraph at lines 3795--3795
[]\TU/lmtt/m/n/10 taxonomy_split <- separate(data = taxonomy, col = taxonomy, into = c("Kingdom", "Phylum", "Class", "Order", "Family", "Genus", "Species", "Subspecies"), sep = "\\; ")[] 
 []


Overfull \hbox (90.75pt too wide) in paragraph at lines 3803--3803
[]\TU/lmtt/m/n/10 metadata <- read.csv(paste(folder, "pregnancy_ITS_metadata.tsv", sep=""), sep='\t')[] 
 []


Overfull \hbox (6.75pt too wide) in paragraph at lines 3803--3803
[]\TU/lmtt/m/n/10 rownames(samples) = metadata[,1] #add the sample names as row names[] 
 []


Overfull \hbox (132.75pt too wide) in paragraph at lines 3814--3814
[]\TU/lmtt/m/n/10 ASV = otu_table(asv_table_num, taxa_are_rows = TRUE) #convert asv_table_num to an otu_table[] 
 []


Overfull \hbox (22.5pt too wide) in paragraph at lines 3814--3814
[]\TU/lmtt/m/n/10 TAX = tax_table(taxonomy_split) #convert taxonomy_split to a tax_table[] 
 []


Overfull \hbox (48.75pt too wide) in paragraph at lines 3814--3814
[]\TU/lmtt/m/n/10 taxa_names(TAX) <- rownames(taxonomy_split) #add names to TAX/the tax_table[] 
 []


Overfull \hbox (75.0pt too wide) in paragraph at lines 3814--3814
[]\TU/lmtt/m/n/10 physeq = phyloseq(ASV, TAX, SAMPLE) #combine these all to make a phyloseq object[] 
 []




Overfull \hbox (102.41454pt too wide) has occurred while \output is active
\TU/lmr/m/n/10 122 \TU/lmr/m/sl/10 CHAPTER 5.  MODULE 4 LAB: FUNCTIONAL PREDICTION AND ADDITIONAL ANALYSES
 []

[122]
Overfull \hbox (542.25pt too wide) in paragraph at lines 3828--3828
[]\TU/lmtt/m/n/10 all_tax = paste(tax_table(physeq_genus)[,2], tax_table(physeq_genus)[,3], tax_table(physeq_genus)[,4], tax_table(physeq_genus)[,5], tax_table(physeq_genus)[,6], sep=';')[] 
 []


Overfull \hbox (253.5pt too wide) in paragraph at lines 3836--3836
[]\TU/lmtt/m/n/10 physeq_rare = rarefy_even_depth(physeq_genus, sample.size = 1000, replace = TRUE, trimOTUs = TRUE, verbose = TRUE)[] 
 []


Overfull \hbox (174.75pt too wide) in paragraph at lines 3845--3845
[]\TU/lmtt/m/n/10 feat_table = data.frame(t(otu_table(physeq_rare)), check.rows=T, check.names=T, stringsAsFactors=T)[] 
 []


Overfull \hbox (17.25pt too wide) in paragraph at lines 3845--3845
[]\TU/lmtt/m/n/10 metadata = data.frame(sample_data(physeq_rare), stringsAsFactors = F)[] 
 []


Overfull \hbox (38.25pt too wide) in paragraph at lines 3864--3864
[]                    \TU/lmtt/m/n/10 output = paste(folder, 'maaslin3_treatment', sep=""),[] 
 []



[123]
Overfull \hbox (38.25pt too wide) in paragraph at lines 3900--3900
[]                    \TU/lmtt/m/n/10 output = paste(folder, 'maaslin3_exact_age', sep=""),[] 
 []


Overfull \hbox (33.0pt too wide) in paragraph at lines 3900--3900
[]                    \TU/lmtt/m/n/10 output = paste(folder, 'maaslin3_category', sep=""),[] 
 []


Overfull \hbox (274.5pt too wide) in paragraph at lines 3914--3914
[]\TU/lmtt/m/n/10 x <- aldex.clr(otu_table(physeq_genus), sample_data(physeq_genus)$exact_age, mc.samples = 128, verbose=F, denom="all")[] 
 []




Overfull \hbox (102.41454pt too wide) has occurred while \output is active
\TU/lmr/m/n/10 124 \TU/lmr/m/sl/10 CHAPTER 5.  MODULE 4 LAB: FUNCTIONAL PREDICTION AND ADDITIONAL ANALYSES
 []

[124]
Overfull \hbox (269.25pt too wide) in paragraph at lines 3914--3914
[]\TU/lmtt/m/n/10 x <- aldex.clr(otu_table(physeq_genus), sample_data(physeq_genus)$category, mc.samples = 128, verbose=F, denom="all")[] 
 []


Overfull \hbox (38.25pt too wide) in paragraph at lines 3924--3924
[]\TU/lmtt/m/n/10 aldex_exact_age = read.csv(paste(folder, "ALDEx2_exact_age.csv", sep=""))[] 
 []


Overfull \hbox (1.5pt too wide) in paragraph at lines 3924--3924
[]\TU/lmtt/m/n/10 aldex_exact_age = aldex_exact_age[aldex_exact_age$kw.eBH <= 0.2, ][] 
 []


Overfull \hbox (27.75pt too wide) in paragraph at lines 3924--3924
[]\TU/lmtt/m/n/10 aldex_category = read.csv(paste(folder, "ALDEx2_category.csv", sep=""))[] 
 []

No file _main.bbl.


[125] (./_main.aux)
 ***********
LaTeX2e <2024-11-01> patch level 2
L3 programming layer <2025-04-29>
 ***********

LaTeX Warning: There were undefined references.

 ) 
Here is how much of TeX's memory you used:
 17660 strings out of 472247
 323367 string characters out of 5528794
 861579 words of memory out of 5000000
 43964 multiletter control sequences out of 15000+600000
 633316 words of font info for 98 fonts, out of 8000000 for 9000
 14 hyphenation exceptions out of 8191
 90i,7n,114p,2123b,485s stack positions out of 10000i,1000n,20000p,200000b,200000s

Output written on _main.pdf (125 pages).
